2023-04-05 16:33:10,358 [Test worker] INFO  o.s.b.t.c.SpringBootTestContextBootstrapper - Neither @ContextConfiguration nor @ContextHierarchy found for test class [lv.javaguru.travel.insurance.rest.TravelCalculatePremiumControllerTest], using SpringBootContextLoader
2023-04-05 16:33:10,391 [Test worker] INFO  o.s.t.c.s.AbstractContextLoader - Could not detect default resource locations for test class [lv.javaguru.travel.insurance.rest.TravelCalculatePremiumControllerTest]: no resource found for suffixes {-context.xml, Context.groovy}.
2023-04-05 16:33:10,392 [Test worker] INFO  o.s.t.c.s.AnnotationConfigContextLoaderUtils - Could not detect default configuration classes for test class [lv.javaguru.travel.insurance.rest.TravelCalculatePremiumControllerTest]: TravelCalculatePremiumControllerTest does not declare any static, non-private, non-final, nested classes annotated with @Configuration.
2023-04-05 16:33:10,418 [Test worker] INFO  o.s.b.t.c.SpringBootTestContextBootstrapper - Found @SpringBootConfiguration lv.javaguru.travel.insurance.InsuranceApplication for test class lv.javaguru.travel.insurance.rest.TravelCalculatePremiumControllerTest
2023-04-05 16:33:10,429 [Test worker] INFO  o.s.b.t.c.SpringBootTestContextBootstrapper - Loaded default TestExecutionListener class names from location [META-INF/spring.factories]: [org.springframework.boot.test.autoconfigure.restdocs.RestDocsTestExecutionListener, org.springframework.boot.test.autoconfigure.web.client.MockRestServiceServerResetTestExecutionListener, org.springframework.boot.test.autoconfigure.web.servlet.MockMvcPrintOnlyOnFailureTestExecutionListener, org.springframework.boot.test.autoconfigure.web.servlet.WebDriverTestExecutionListener, org.springframework.boot.test.autoconfigure.webservices.client.MockWebServiceServerTestExecutionListener, org.springframework.boot.test.mock.mockito.MockitoTestExecutionListener, org.springframework.boot.test.mock.mockito.ResetMocksTestExecutionListener, org.springframework.test.context.web.ServletTestExecutionListener, org.springframework.test.context.support.DirtiesContextBeforeModesTestExecutionListener, org.springframework.test.context.event.ApplicationEventsTestExecutionListener, org.springframework.test.context.support.DependencyInjectionTestExecutionListener, org.springframework.test.context.support.DirtiesContextTestExecutionListener, org.springframework.test.context.transaction.TransactionalTestExecutionListener, org.springframework.test.context.jdbc.SqlScriptsTestExecutionListener, org.springframework.test.context.event.EventPublishingTestExecutionListener]
2023-04-05 16:33:10,430 [Test worker] INFO  o.s.b.t.c.SpringBootTestContextBootstrapper - Using TestExecutionListeners: [org.springframework.test.context.web.ServletTestExecutionListener@2821da0a, org.springframework.test.context.support.DirtiesContextBeforeModesTestExecutionListener@2ae07dbd, org.springframework.test.context.event.ApplicationEventsTestExecutionListener@e7ddf8d, org.springframework.boot.test.mock.mockito.MockitoTestExecutionListener@47f8374, org.springframework.boot.test.autoconfigure.SpringBootDependencyInjectionTestExecutionListener@22a8e87b, org.springframework.test.context.support.DirtiesContextTestExecutionListener@b8c6406, org.springframework.test.context.transaction.TransactionalTestExecutionListener@6bed434d, org.springframework.test.context.jdbc.SqlScriptsTestExecutionListener@13f10967, org.springframework.test.context.event.EventPublishingTestExecutionListener@76ffd052, org.springframework.boot.test.autoconfigure.restdocs.RestDocsTestExecutionListener@1ebb36df, org.springframework.boot.test.autoconfigure.web.client.MockRestServiceServerResetTestExecutionListener@1f4de96e, org.springframework.boot.test.autoconfigure.web.servlet.MockMvcPrintOnlyOnFailureTestExecutionListener@46c61d1, org.springframework.boot.test.autoconfigure.web.servlet.WebDriverTestExecutionListener@c194c4e, org.springframework.boot.test.autoconfigure.webservices.client.MockWebServiceServerTestExecutionListener@4bd39edc, org.springframework.boot.test.mock.mockito.ResetMocksTestExecutionListener@3ba50851]
2023-04-05 16:33:10,575 [Test worker] INFO  l.j.t.i.r.TravelCalculatePremiumControllerTest - Starting TravelCalculatePremiumControllerTest using Java 18.0.2 on VSAVONINS with PID 20892 (started by admin in C:\javaguru\projects\java2-real-practice-with-mentor\teacher\step_70)
2023-04-05 16:33:10,576 [Test worker] INFO  l.j.t.i.r.TravelCalculatePremiumControllerTest - No active profile set, falling back to 1 default profile: "default"
2023-04-05 16:33:11,723 [Test worker] INFO  o.s.d.r.c.RepositoryConfigurationDelegate - Bootstrapping Spring Data JPA repositories in DEFAULT mode.
2023-04-05 16:33:11,796 [Test worker] INFO  o.s.d.r.c.RepositoryConfigurationDelegate - Finished Spring Data repository scanning in 60 ms. Found 4 JPA repository interfaces.
2023-04-05 16:33:12,293 [Test worker] INFO  com.zaxxer.hikari.HikariDataSource - HikariPool-1 - Starting...
2023-04-05 16:33:12,340 [Test worker] INFO  com.zaxxer.hikari.HikariDataSource - HikariPool-1 - Start completed.
2023-04-05 16:33:12,460 [Test worker] INFO  o.h.jpa.internal.util.LogHelper - HHH000204: Processing PersistenceUnitInfo [name: default]
2023-04-05 16:33:12,477 [Test worker] INFO  org.hibernate.dialect.Dialect - HHH000400: Using dialect: org.hibernate.dialect.H2Dialect
2023-04-05 16:33:12,884 [Test worker] INFO  o.h.e.t.j.p.i.JtaPlatformInitiator - HHH000490: Using JtaPlatform implementation: [org.hibernate.engine.transaction.jta.platform.internal.NoJtaPlatform]
2023-04-05 16:33:12,887 [Test worker] INFO  o.s.o.j.LocalContainerEntityManagerFactoryBean - Initialized JPA EntityManagerFactory for persistence unit 'default'
2023-04-05 16:33:14,168 [Test worker] WARN  o.s.b.a.o.j.JpaBaseConfiguration$JpaWebConfiguration - spring.jpa.open-in-view is enabled by default. Therefore, database queries may be performed during view rendering. Explicitly configure spring.jpa.open-in-view to disable this warning
2023-04-05 16:33:16,074 [Test worker] INFO  o.s.b.t.m.w.SpringBootMockServletContext - Initializing Spring TestDispatcherServlet ''
2023-04-05 16:33:16,075 [Test worker] INFO  o.s.t.w.s.TestDispatcherServlet - Initializing Servlet ''
2023-04-05 16:33:16,077 [Test worker] INFO  o.s.t.w.s.TestDispatcherServlet - Completed initialization in 2 ms
2023-04-05 16:33:16,093 [Test worker] INFO  l.j.t.i.r.TravelCalculatePremiumControllerTest - Started TravelCalculatePremiumControllerTest in 5.629 seconds (JVM running for 32.311)
2023-04-05 16:33:16,606 [Test worker] INFO  l.j.t.i.r.TravelCalculatePremiumRequestLogger - REQUEST: {"personFirstName":null,"personLastName":null,"personBirthDate":null,"agreementDateFrom":null,"agreementDateTo":null,"country":null,"selectedRisks":null}
2023-04-05 16:33:16,624 [Test worker] INFO  l.j.t.i.r.TravelCalculatePremiumResponseLogger - RESPONSE: {"errors":[{"errorCode":"ERROR_CODE_2","description":"Field agreementDateFrom must not be empty!"},{"errorCode":"ERROR_CODE_4","description":"Field agreementDateTo must not be empty!"},{"errorCode":"ERROR_CODE_11","description":"Field personBirthDate must not be empty!"},{"errorCode":"ERROR_CODE_6","description":"Field selectedRisks must not be empty!"},{"errorCode":"ERROR_CODE_7","description":"Field personFirstName must not be empty!"},{"errorCode":"ERROR_CODE_8","description":"Field personLastName must not be empty!"}],"personFirstName":null,"personLastName":null,"personBirthDate":null,"agreementDateFrom":null,"agreementDateTo":null,"country":null,"agreementPremium":null,"risks":null}
2023-04-05 16:33:16,631 [Test worker] INFO  l.j.t.i.r.TravelCalculatePremiumRequestExecutionTimeLogger - Request processing time (ms): 38
2023-04-05 16:33:16,779 [Test worker] INFO  l.j.t.i.r.TravelCalculatePremiumRequestLogger - REQUEST: {"personFirstName":"Vasja","personLastName":"Pupkin","personBirthDate":"2000-05-29","agreementDateFrom":"2025-05-25","agreementDateTo":"2025-05-29","country":"","selectedRisks":["TRAVEL_MEDICAL"]}
2023-04-05 16:33:16,787 [Test worker] INFO  l.j.t.i.r.TravelCalculatePremiumResponseLogger - RESPONSE: {"errors":[{"errorCode":"ERROR_CODE_10","description":"Field country must not be empty!"}],"personFirstName":null,"personLastName":null,"personBirthDate":null,"agreementDateFrom":null,"agreementDateTo":null,"country":null,"agreementPremium":null,"risks":null}
2023-04-05 16:33:16,788 [Test worker] INFO  l.j.t.i.r.TravelCalculatePremiumRequestExecutionTimeLogger - Request processing time (ms): 21
2023-04-05 16:33:16,804 [Test worker] INFO  l.j.t.i.r.TravelCalculatePremiumRequestLogger - REQUEST: {"personFirstName":"Vasja","personLastName":"Pupkin","personBirthDate":"2000-05-29","agreementDateFrom":"2025-05-25","agreementDateTo":"2025-05-29","country":"SPAIN","selectedRisks":["TRAVEL_MEDICAL","TRAVEL_TRIP_CANCELLATION","TRAVEL_LOSS_BAGGAGE"]}
2023-04-05 16:33:16,824 [Test worker] INFO  l.j.t.i.r.TravelCalculatePremiumResponseLogger - RESPONSE: {"errors":null,"personFirstName":"Vasja","personLastName":"Pupkin","personBirthDate":"2000-05-29","agreementDateFrom":"2025-05-25","agreementDateTo":"2025-05-29","country":"SPAIN","agreementPremium":11.00,"risks":[{"riskIc":"TRAVEL_MEDICAL","premium":11.00},{"riskIc":"TRAVEL_TRIP_CANCELLATION","premium":0.00},{"riskIc":"TRAVEL_LOSS_BAGGAGE","premium":0.00}]}
2023-04-05 16:33:16,824 [Test worker] INFO  l.j.t.i.r.TravelCalculatePremiumRequestExecutionTimeLogger - Request processing time (ms): 23
2023-04-05 16:33:16,851 [Test worker] INFO  l.j.t.i.r.TravelCalculatePremiumRequestLogger - REQUEST: {"personFirstName":"Vasja","personLastName":"Pupkin","personBirthDate":"2000-05-29","agreementDateFrom":"2025-05-25","agreementDateTo":"2025-05-29","country":null,"selectedRisks":["TRAVEL_MEDICAL"]}
2023-04-05 16:33:16,857 [Test worker] INFO  l.j.t.i.r.TravelCalculatePremiumResponseLogger - RESPONSE: {"errors":[{"errorCode":"ERROR_CODE_10","description":"Field country must not be empty!"}],"personFirstName":null,"personLastName":null,"personBirthDate":null,"agreementDateFrom":null,"agreementDateTo":null,"country":null,"agreementPremium":null,"risks":null}
2023-04-05 16:33:16,858 [Test worker] INFO  l.j.t.i.r.TravelCalculatePremiumRequestExecutionTimeLogger - Request processing time (ms): 9
2023-04-05 16:33:16,875 [Test worker] INFO  l.j.t.i.r.TravelCalculatePremiumRequestLogger - REQUEST: {"personFirstName":"","personLastName":"Pupkin","personBirthDate":"2000-05-29","agreementDateFrom":"2025-05-25","agreementDateTo":"2025-05-29","country":"SPAIN","selectedRisks":["TRAVEL_MEDICAL","TRAVEL_TRIP_CANCELLATION","TRAVEL_LOSS_BAGGAGE"]}
2023-04-05 16:33:16,883 [Test worker] INFO  l.j.t.i.r.TravelCalculatePremiumResponseLogger - RESPONSE: {"errors":[{"errorCode":"ERROR_CODE_7","description":"Field personFirstName must not be empty!"}],"personFirstName":null,"personLastName":null,"personBirthDate":null,"agreementDateFrom":null,"agreementDateTo":null,"country":null,"agreementPremium":null,"risks":null}
2023-04-05 16:33:16,884 [Test worker] INFO  l.j.t.i.r.TravelCalculatePremiumRequestExecutionTimeLogger - Request processing time (ms): 11
2023-04-05 16:33:16,903 [Test worker] INFO  l.j.t.i.r.TravelCalculatePremiumRequestLogger - REQUEST: {"personFirstName":"Vasja","personLastName":"Pupkin","personBirthDate":"2000-05-29","agreementDateFrom":"2025-05-20","agreementDateTo":"2025-05-29","country":"SPAIN","selectedRisks":[]}
2023-04-05 16:33:16,925 [Test worker] INFO  l.j.t.i.r.TravelCalculatePremiumResponseLogger - RESPONSE: {"errors":[{"errorCode":"ERROR_CODE_6","description":"Field selectedRisks must not be empty!"}],"personFirstName":null,"personLastName":null,"personBirthDate":null,"agreementDateFrom":null,"agreementDateTo":null,"country":null,"agreementPremium":null,"risks":null}
2023-04-05 16:33:16,926 [Test worker] INFO  l.j.t.i.r.TravelCalculatePremiumRequestExecutionTimeLogger - Request processing time (ms): 24
2023-04-05 16:33:16,956 [Test worker] INFO  l.j.t.i.r.TravelCalculatePremiumRequestLogger - REQUEST: {"personFirstName":"Vasja","personLastName":"Pupkin","personBirthDate":"2000-05-29","agreementDateFrom":"2025-05-20","agreementDateTo":"2025-05-10","country":"SPAIN","selectedRisks":["TRAVEL_MEDICAL","TRAVEL_TRIP_CANCELLATION","TRAVEL_LOSS_BAGGAGE"]}
2023-04-05 16:33:16,967 [Test worker] INFO  l.j.t.i.r.TravelCalculatePremiumResponseLogger - RESPONSE: {"errors":[{"errorCode":"ERROR_CODE_5","description":"Field agreementDateFrom must be less than agreementDateTo!"}],"personFirstName":null,"personLastName":null,"personBirthDate":null,"agreementDateFrom":null,"agreementDateTo":null,"country":null,"agreementPremium":null,"risks":null}
2023-04-05 16:33:16,968 [Test worker] INFO  l.j.t.i.r.TravelCalculatePremiumRequestExecutionTimeLogger - Request processing time (ms): 14
2023-04-05 16:33:16,985 [Test worker] INFO  l.j.t.i.r.TravelCalculatePremiumRequestLogger - REQUEST: {"personFirstName":"Vasja","personLastName":"Pupkin","personBirthDate":"2000-05-29","agreementDateFrom":"2025-05-29","agreementDateTo":"2020-05-29","country":"SPAIN","selectedRisks":["TRAVEL_MEDICAL","TRAVEL_TRIP_CANCELLATION","TRAVEL_LOSS_BAGGAGE"]}
2023-04-05 16:33:16,995 [Test worker] INFO  l.j.t.i.r.TravelCalculatePremiumResponseLogger - RESPONSE: {"errors":[{"errorCode":"ERROR_CODE_3","description":"Field agreementDateTo must be in the future!"},{"errorCode":"ERROR_CODE_5","description":"Field agreementDateFrom must be less than agreementDateTo!"}],"personFirstName":null,"personLastName":null,"personBirthDate":null,"agreementDateFrom":null,"agreementDateTo":null,"country":null,"agreementPremium":null,"risks":null}
2023-04-05 16:33:16,996 [Test worker] INFO  l.j.t.i.r.TravelCalculatePremiumRequestExecutionTimeLogger - Request processing time (ms): 13
2023-04-05 16:33:17,021 [Test worker] INFO  l.j.t.i.r.TravelCalculatePremiumRequestLogger - REQUEST: {"personFirstName":"Vasja","personLastName":"Pupkin","personBirthDate":null,"agreementDateFrom":"2025-05-25","agreementDateTo":"2025-05-29","country":"SPAIN","selectedRisks":["TRAVEL_MEDICAL","TRAVEL_TRIP_CANCELLATION","TRAVEL_LOSS_BAGGAGE"]}
2023-04-05 16:33:17,037 [Test worker] INFO  l.j.t.i.r.TravelCalculatePremiumResponseLogger - RESPONSE: {"errors":[{"errorCode":"ERROR_CODE_11","description":"Field personBirthDate must not be empty!"}],"personFirstName":null,"personLastName":null,"personBirthDate":null,"agreementDateFrom":null,"agreementDateTo":null,"country":null,"agreementPremium":null,"risks":null}
2023-04-05 16:33:17,038 [Test worker] INFO  l.j.t.i.r.TravelCalculatePremiumRequestExecutionTimeLogger - Request processing time (ms): 19
2023-04-05 16:33:17,053 [Test worker] INFO  l.j.t.i.r.TravelCalculatePremiumRequestLogger - REQUEST: {"personFirstName":"Vasja","personLastName":"Pupkin","personBirthDate":"2030-05-29","agreementDateFrom":"2027-05-29","agreementDateTo":"2028-05-29","country":"SPAIN","selectedRisks":["TRAVEL_MEDICAL","TRAVEL_TRIP_CANCELLATION","TRAVEL_LOSS_BAGGAGE"]}
2023-04-05 16:33:17,064 [Test worker] INFO  l.j.t.i.r.TravelCalculatePremiumResponseLogger - RESPONSE: {"errors":[{"errorCode":"ERROR_CODE_12","description":"Field personBirthDate must be in the past!"}],"personFirstName":null,"personLastName":null,"personBirthDate":null,"agreementDateFrom":null,"agreementDateTo":null,"country":null,"agreementPremium":null,"risks":null}
2023-04-05 16:33:17,065 [Test worker] INFO  l.j.t.i.r.TravelCalculatePremiumRequestExecutionTimeLogger - Request processing time (ms): 15
2023-04-05 16:33:17,079 [Test worker] INFO  l.j.t.i.r.TravelCalculatePremiumRequestLogger - REQUEST: {"personFirstName":"Vasja","personLastName":"Pupkin","personBirthDate":"2000-05-29","agreementDateFrom":"2025-05-29","agreementDateTo":null,"country":"SPAIN","selectedRisks":["TRAVEL_MEDICAL","TRAVEL_TRIP_CANCELLATION","TRAVEL_LOSS_BAGGAGE"]}
2023-04-05 16:33:17,085 [Test worker] INFO  l.j.t.i.r.TravelCalculatePremiumResponseLogger - RESPONSE: {"errors":[{"errorCode":"ERROR_CODE_4","description":"Field agreementDateTo must not be empty!"}],"personFirstName":null,"personLastName":null,"personBirthDate":null,"agreementDateFrom":null,"agreementDateTo":null,"country":null,"agreementPremium":null,"risks":null}
2023-04-05 16:33:17,085 [Test worker] INFO  l.j.t.i.r.TravelCalculatePremiumRequestExecutionTimeLogger - Request processing time (ms): 9
2023-04-05 16:33:17,100 [Test worker] INFO  l.j.t.i.r.TravelCalculatePremiumRequestLogger - REQUEST: {"personFirstName":"Vasja","personLastName":null,"personBirthDate":"2000-05-29","agreementDateFrom":"2025-05-25","agreementDateTo":"2025-05-29","country":"SPAIN","selectedRisks":["TRAVEL_MEDICAL","TRAVEL_TRIP_CANCELLATION","TRAVEL_LOSS_BAGGAGE"]}
2023-04-05 16:33:17,139 [Test worker] INFO  l.j.t.i.r.TravelCalculatePremiumResponseLogger - RESPONSE: {"errors":[{"errorCode":"ERROR_CODE_8","description":"Field personLastName must not be empty!"}],"personFirstName":null,"personLastName":null,"personBirthDate":null,"agreementDateFrom":null,"agreementDateTo":null,"country":null,"agreementPremium":null,"risks":null}
2023-04-05 16:33:17,140 [Test worker] INFO  l.j.t.i.r.TravelCalculatePremiumRequestExecutionTimeLogger - Request processing time (ms): 43
2023-04-05 16:33:17,209 [Test worker] INFO  l.j.t.i.r.TravelCalculatePremiumRequestLogger - REQUEST: {"personFirstName":null,"personLastName":"Pupkin","personBirthDate":"2000-05-29","agreementDateFrom":"2025-05-25","agreementDateTo":"2025-05-29","country":"SPAIN","selectedRisks":["TRAVEL_MEDICAL","TRAVEL_TRIP_CANCELLATION","TRAVEL_LOSS_BAGGAGE"]}
2023-04-05 16:33:17,216 [Test worker] INFO  l.j.t.i.r.TravelCalculatePremiumResponseLogger - RESPONSE: {"errors":[{"errorCode":"ERROR_CODE_7","description":"Field personFirstName must not be empty!"}],"personFirstName":null,"personLastName":null,"personBirthDate":null,"agreementDateFrom":null,"agreementDateTo":null,"country":null,"agreementPremium":null,"risks":null}
2023-04-05 16:33:17,217 [Test worker] INFO  l.j.t.i.r.TravelCalculatePremiumRequestExecutionTimeLogger - Request processing time (ms): 10
2023-04-05 16:33:17,287 [Test worker] INFO  l.j.t.i.r.TravelCalculatePremiumRequestLogger - REQUEST: {"personFirstName":"Vasja","personLastName":"Pupkin","personBirthDate":"2000-05-29","agreementDateFrom":"2025-05-20","agreementDateTo":"2025-05-29","country":"SPAIN","selectedRisks":["NOT_VALID_RISK_IC_1","NOT_VALID_RISK_IC_2"]}
2023-04-05 16:33:17,299 [Test worker] INFO  l.j.t.i.r.TravelCalculatePremiumResponseLogger - RESPONSE: {"errors":[{"errorCode":"ERROR_CODE_9","description":"Risk Type ic = NOT_VALID_RISK_IC_1 not supported!"},{"errorCode":"ERROR_CODE_9","description":"Risk Type ic = NOT_VALID_RISK_IC_2 not supported!"}],"personFirstName":null,"personLastName":null,"personBirthDate":null,"agreementDateFrom":null,"agreementDateTo":null,"country":null,"agreementPremium":null,"risks":null}
2023-04-05 16:33:17,300 [Test worker] INFO  l.j.t.i.r.TravelCalculatePremiumRequestExecutionTimeLogger - Request processing time (ms): 14
2023-04-05 16:33:17,311 [Test worker] INFO  l.j.t.i.r.TravelCalculatePremiumRequestLogger - REQUEST: {"personFirstName":"Vasja","personLastName":"Pupkin","personBirthDate":"2000-05-29","agreementDateFrom":"2025-05-20","agreementDateTo":"2025-05-29","country":"SPAIN","selectedRisks":null}
2023-04-05 16:33:17,314 [Test worker] INFO  l.j.t.i.r.TravelCalculatePremiumResponseLogger - RESPONSE: {"errors":[{"errorCode":"ERROR_CODE_6","description":"Field selectedRisks must not be empty!"}],"personFirstName":null,"personLastName":null,"personBirthDate":null,"agreementDateFrom":null,"agreementDateTo":null,"country":null,"agreementPremium":null,"risks":null}
2023-04-05 16:33:17,314 [Test worker] INFO  l.j.t.i.r.TravelCalculatePremiumRequestExecutionTimeLogger - Request processing time (ms): 4
2023-04-05 16:33:17,325 [Test worker] INFO  l.j.t.i.r.TravelCalculatePremiumRequestLogger - REQUEST: {"personFirstName":"Vasja","personLastName":"Pupkin","personBirthDate":"2000-05-29","agreementDateFrom":"2020-05-29","agreementDateTo":"2025-05-29","country":"SPAIN","selectedRisks":["TRAVEL_MEDICAL","TRAVEL_TRIP_CANCELLATION","TRAVEL_LOSS_BAGGAGE"]}
2023-04-05 16:33:17,367 [Test worker] INFO  l.j.t.i.r.TravelCalculatePremiumResponseLogger - RESPONSE: {"errors":[{"errorCode":"ERROR_CODE_1","description":"Field agreementDateFrom must be in the future!"}],"personFirstName":null,"personLastName":null,"personBirthDate":null,"agreementDateFrom":null,"agreementDateTo":null,"country":null,"agreementPremium":null,"risks":null}
2023-04-05 16:33:17,368 [Test worker] INFO  l.j.t.i.r.TravelCalculatePremiumRequestExecutionTimeLogger - Request processing time (ms): 44
2023-04-05 16:33:17,379 [Test worker] INFO  l.j.t.i.r.TravelCalculatePremiumRequestLogger - REQUEST: {"personFirstName":"Vasja","personLastName":"","personBirthDate":"2000-05-29","agreementDateFrom":"2025-05-25","agreementDateTo":"2025-05-29","country":"SPAIN","selectedRisks":["TRAVEL_MEDICAL","TRAVEL_TRIP_CANCELLATION","TRAVEL_LOSS_BAGGAGE"]}
2023-04-05 16:33:17,388 [Test worker] INFO  l.j.t.i.r.TravelCalculatePremiumResponseLogger - RESPONSE: {"errors":[{"errorCode":"ERROR_CODE_8","description":"Field personLastName must not be empty!"}],"personFirstName":null,"personLastName":null,"personBirthDate":null,"agreementDateFrom":null,"agreementDateTo":null,"country":null,"agreementPremium":null,"risks":null}
2023-04-05 16:33:17,392 [Test worker] INFO  l.j.t.i.r.TravelCalculatePremiumRequestExecutionTimeLogger - Request processing time (ms): 14
2023-04-05 16:33:17,437 [Test worker] INFO  l.j.t.i.r.TravelCalculatePremiumRequestLogger - REQUEST: {"personFirstName":"Vasja","personLastName":"Pupkin","personBirthDate":"2000-05-29","agreementDateFrom":null,"agreementDateTo":"2025-05-29","country":"SPAIN","selectedRisks":["TRAVEL_MEDICAL","TRAVEL_TRIP_CANCELLATION","TRAVEL_LOSS_BAGGAGE"]}
2023-04-05 16:33:17,454 [Test worker] INFO  l.j.t.i.r.TravelCalculatePremiumResponseLogger - RESPONSE: {"errors":[{"errorCode":"ERROR_CODE_2","description":"Field agreementDateFrom must not be empty!"}],"personFirstName":null,"personLastName":null,"personBirthDate":null,"agreementDateFrom":null,"agreementDateTo":null,"country":null,"agreementPremium":null,"risks":null}
2023-04-05 16:33:17,454 [Test worker] INFO  l.j.t.i.r.TravelCalculatePremiumRequestExecutionTimeLogger - Request processing time (ms): 18
2023-04-05 16:33:17,638 [SpringApplicationShutdownHook] INFO  o.s.o.j.LocalContainerEntityManagerFactoryBean - Closing JPA EntityManagerFactory for persistence unit 'default'
2023-04-05 16:33:17,644 [SpringApplicationShutdownHook] INFO  o.s.o.j.LocalContainerEntityManagerFactoryBean - Closing JPA EntityManagerFactory for persistence unit 'default'
2023-04-05 16:33:17,645 [SpringApplicationShutdownHook] INFO  com.zaxxer.hikari.HikariDataSource - HikariPool-1 - Shutdown initiated...
2023-04-05 16:33:17,655 [SpringApplicationShutdownHook] INFO  com.zaxxer.hikari.HikariDataSource - HikariPool-1 - Shutdown completed.
