2023-08-08 12:39:16,413 [Test worker] INFO  o.s.b.t.c.SpringBootTestContextBootstrapper - Neither @ContextConfiguration nor @ContextHierarchy found for test class [lv.javaguru.travel.insurance.rest.TravelCalculatePremiumControllerTest], using SpringBootContextLoader
2023-08-08 12:39:16,428 [Test worker] INFO  o.s.t.c.s.AbstractContextLoader - Could not detect default resource locations for test class [lv.javaguru.travel.insurance.rest.TravelCalculatePremiumControllerTest]: no resource found for suffixes {-context.xml, Context.groovy}.
2023-08-08 12:39:16,429 [Test worker] INFO  o.s.t.c.s.AnnotationConfigContextLoaderUtils - Could not detect default configuration classes for test class [lv.javaguru.travel.insurance.rest.TravelCalculatePremiumControllerTest]: TravelCalculatePremiumControllerTest does not declare any static, non-private, non-final, nested classes annotated with @Configuration.
2023-08-08 12:39:16,718 [Test worker] INFO  o.s.b.t.c.SpringBootTestContextBootstrapper - Found @SpringBootConfiguration lv.javaguru.travel.insurance.InsuranceApplication for test class lv.javaguru.travel.insurance.rest.TravelCalculatePremiumControllerTest
2023-08-08 12:39:16,906 [Test worker] INFO  o.s.b.t.c.SpringBootTestContextBootstrapper - Loaded default TestExecutionListener class names from location [META-INF/spring.factories]: [org.springframework.boot.test.autoconfigure.restdocs.RestDocsTestExecutionListener, org.springframework.boot.test.autoconfigure.web.client.MockRestServiceServerResetTestExecutionListener, org.springframework.boot.test.autoconfigure.web.servlet.MockMvcPrintOnlyOnFailureTestExecutionListener, org.springframework.boot.test.autoconfigure.web.servlet.WebDriverTestExecutionListener, org.springframework.boot.test.autoconfigure.webservices.client.MockWebServiceServerTestExecutionListener, org.springframework.boot.test.mock.mockito.MockitoTestExecutionListener, org.springframework.boot.test.mock.mockito.ResetMocksTestExecutionListener, org.springframework.test.context.web.ServletTestExecutionListener, org.springframework.test.context.support.DirtiesContextBeforeModesTestExecutionListener, org.springframework.test.context.event.ApplicationEventsTestExecutionListener, org.springframework.test.context.support.DependencyInjectionTestExecutionListener, org.springframework.test.context.support.DirtiesContextTestExecutionListener, org.springframework.test.context.transaction.TransactionalTestExecutionListener, org.springframework.test.context.jdbc.SqlScriptsTestExecutionListener, org.springframework.test.context.event.EventPublishingTestExecutionListener]
2023-08-08 12:39:16,932 [Test worker] INFO  o.s.b.t.c.SpringBootTestContextBootstrapper - Using TestExecutionListeners: [org.springframework.test.context.web.ServletTestExecutionListener@23f86d8a, org.springframework.test.context.support.DirtiesContextBeforeModesTestExecutionListener@2264ea32, org.springframework.test.context.event.ApplicationEventsTestExecutionListener@7d3c09ec, org.springframework.boot.test.mock.mockito.MockitoTestExecutionListener@71e4b308, org.springframework.boot.test.autoconfigure.SpringBootDependencyInjectionTestExecutionListener@11900483, org.springframework.test.context.support.DirtiesContextTestExecutionListener@14a049f9, org.springframework.test.context.event.EventPublishingTestExecutionListener@94e51e8, org.springframework.boot.test.autoconfigure.restdocs.RestDocsTestExecutionListener@5de6cf3a, org.springframework.boot.test.autoconfigure.web.client.MockRestServiceServerResetTestExecutionListener@4cc36c19, org.springframework.boot.test.autoconfigure.web.servlet.MockMvcPrintOnlyOnFailureTestExecutionListener@5a3a1bf9, org.springframework.boot.test.autoconfigure.web.servlet.WebDriverTestExecutionListener@2100d047, org.springframework.boot.test.autoconfigure.webservices.client.MockWebServiceServerTestExecutionListener@4af45442, org.springframework.boot.test.mock.mockito.ResetMocksTestExecutionListener@1d805aa1]
2023-08-08 12:39:17,662 [Test worker] INFO  l.j.t.i.r.TravelCalculatePremiumControllerTest - Starting TravelCalculatePremiumControllerTest using Java 18.0.2 on VSAVONINS with PID 9304 (started by admin in C:\javaguru\projects\java2-real-practice-with-mentor\trevel_insurance_calculator\step_39)
2023-08-08 12:39:17,663 [Test worker] INFO  l.j.t.i.r.TravelCalculatePremiumControllerTest - No active profile set, falling back to 1 default profile: "default"
2023-08-08 12:39:24,938 [Test worker] INFO  o.s.b.t.m.w.SpringBootMockServletContext - Initializing Spring TestDispatcherServlet ''
2023-08-08 12:39:24,939 [Test worker] INFO  o.s.t.w.s.TestDispatcherServlet - Initializing Servlet ''
2023-08-08 12:39:24,940 [Test worker] INFO  o.s.t.w.s.TestDispatcherServlet - Completed initialization in 1 ms
2023-08-08 12:39:24,983 [Test worker] INFO  l.j.t.i.r.TravelCalculatePremiumControllerTest - Started TravelCalculatePremiumControllerTest in 7.94 seconds (JVM running for 13.323)
2023-08-08 12:39:25,299 [Test worker] INFO  l.j.t.i.r.TravelCalculatePremiumRequestLogger - REQUEST: {"personFirstName":null,"personLastName":null,"agreementDateFrom":null,"agreementDateTo":null,"selectedRisks":null}
2023-08-08 12:39:25,313 [Test worker] INFO  l.j.t.i.r.TravelCalculatePremiumResponseLogger - RESPONSE: {"errors":[{"field":"agreementDateFrom","message":"Must not be empty!"},{"field":"agreementDateTo","message":"Must not be empty!"},{"field":"selectedRisks","message":"Must not be empty!"},{"field":"personFirstName","message":"Must not be empty!"},{"field":"personLastName","message":"Must not be empty!"}],"personFirstName":null,"personLastName":null,"agreementDateFrom":null,"agreementDateTo":null,"agreementPrice":null}
2023-08-08 12:39:25,318 [Test worker] INFO  l.j.t.i.r.TravelCalculatePremiumRequestExecutionTimeLogger - Request processing time (ms): 47
2023-08-08 12:39:25,451 [Test worker] INFO  l.j.t.i.r.TravelCalculatePremiumRequestLogger - REQUEST: {"personFirstName":"Vasja","personLastName":"Pupkin","agreementDateFrom":"2025-05-20","agreementDateTo":"2025-05-29","selectedRisks":[]}
2023-08-08 12:39:25,454 [Test worker] INFO  l.j.t.i.r.TravelCalculatePremiumResponseLogger - RESPONSE: {"errors":[{"field":"selectedRisks","message":"Must not be empty!"}],"personFirstName":null,"personLastName":null,"agreementDateFrom":null,"agreementDateTo":null,"agreementPrice":null}
2023-08-08 12:39:25,454 [Test worker] INFO  l.j.t.i.r.TravelCalculatePremiumRequestExecutionTimeLogger - Request processing time (ms): 13
2023-08-08 12:39:25,468 [Test worker] INFO  l.j.t.i.r.TravelCalculatePremiumRequestLogger - REQUEST: {"personFirstName":"Vasja","personLastName":"Pupkin","agreementDateFrom":"2025-05-20","agreementDateTo":"2025-05-10","selectedRisks":["TRAVEL_MEDICAL","TRAVEL_TRIP_CANCELLATION","TRAVEL_LOSS_BAGGAGE"]}
2023-08-08 12:39:25,471 [Test worker] INFO  l.j.t.i.r.TravelCalculatePremiumResponseLogger - RESPONSE: {"errors":[{"field":"agreementDateFrom","message":"Must be less then agreementDateTo!"}],"personFirstName":null,"personLastName":null,"agreementDateFrom":null,"agreementDateTo":null,"agreementPrice":null}
2023-08-08 12:39:25,472 [Test worker] INFO  l.j.t.i.r.TravelCalculatePremiumRequestExecutionTimeLogger - Request processing time (ms): 6
2023-08-08 12:39:25,490 [Test worker] INFO  l.j.t.i.r.TravelCalculatePremiumRequestLogger - REQUEST: {"personFirstName":"Vasja","personLastName":"Pupkin","agreementDateFrom":"2025-05-29","agreementDateTo":null,"selectedRisks":["TRAVEL_MEDICAL","TRAVEL_TRIP_CANCELLATION","TRAVEL_LOSS_BAGGAGE"]}
2023-08-08 12:39:25,494 [Test worker] INFO  l.j.t.i.r.TravelCalculatePremiumResponseLogger - RESPONSE: {"errors":[{"field":"agreementDateTo","message":"Must not be empty!"}],"personFirstName":null,"personLastName":null,"agreementDateFrom":null,"agreementDateTo":null,"agreementPrice":null}
2023-08-08 12:39:25,494 [Test worker] INFO  l.j.t.i.r.TravelCalculatePremiumRequestExecutionTimeLogger - Request processing time (ms): 8
2023-08-08 12:39:25,510 [Test worker] INFO  l.j.t.i.r.TravelCalculatePremiumRequestLogger - REQUEST: {"personFirstName":"Vasja","personLastName":"Pupkin","agreementDateFrom":"2025-05-25","agreementDateTo":"2025-05-29","selectedRisks":["TRAVEL_MEDICAL","TRAVEL_TRIP_CANCELLATION","TRAVEL_LOSS_BAGGAGE"]}
2023-08-08 12:39:25,521 [Test worker] INFO  l.j.t.i.r.TravelCalculatePremiumResponseLogger - RESPONSE: {"errors":null,"personFirstName":"Vasja","personLastName":"Pupkin","agreementDateFrom":"2025-05-25","agreementDateTo":"2025-05-29","agreementPrice":4}
2023-08-08 12:39:25,522 [Test worker] INFO  l.j.t.i.r.TravelCalculatePremiumRequestExecutionTimeLogger - Request processing time (ms): 14
2023-08-08 12:39:25,542 [Test worker] INFO  l.j.t.i.r.TravelCalculatePremiumRequestLogger - REQUEST: {"personFirstName":"Vasja","personLastName":"Pupkin","agreementDateFrom":"2025-05-20","agreementDateTo":"2025-05-29","selectedRisks":null}
2023-08-08 12:39:25,547 [Test worker] INFO  l.j.t.i.r.TravelCalculatePremiumResponseLogger - RESPONSE: {"errors":[{"field":"selectedRisks","message":"Must not be empty!"}],"personFirstName":null,"personLastName":null,"agreementDateFrom":null,"agreementDateTo":null,"agreementPrice":null}
2023-08-08 12:39:25,548 [Test worker] INFO  l.j.t.i.r.TravelCalculatePremiumRequestExecutionTimeLogger - Request processing time (ms): 8
2023-08-08 12:39:25,564 [Test worker] INFO  l.j.t.i.r.TravelCalculatePremiumRequestLogger - REQUEST: {"personFirstName":null,"personLastName":"Pupkin","agreementDateFrom":"2025-05-25","agreementDateTo":"2025-05-29","selectedRisks":["TRAVEL_MEDICAL","TRAVEL_TRIP_CANCELLATION","TRAVEL_LOSS_BAGGAGE"]}
2023-08-08 12:39:25,568 [Test worker] INFO  l.j.t.i.r.TravelCalculatePremiumResponseLogger - RESPONSE: {"errors":[{"field":"personFirstName","message":"Must not be empty!"}],"personFirstName":null,"personLastName":null,"agreementDateFrom":null,"agreementDateTo":null,"agreementPrice":null}
2023-08-08 12:39:25,568 [Test worker] INFO  l.j.t.i.r.TravelCalculatePremiumRequestExecutionTimeLogger - Request processing time (ms): 7
2023-08-08 12:39:25,583 [Test worker] INFO  l.j.t.i.r.TravelCalculatePremiumRequestLogger - REQUEST: {"personFirstName":"Vasja","personLastName":null,"agreementDateFrom":"2025-05-25","agreementDateTo":"2025-05-29","selectedRisks":["TRAVEL_MEDICAL","TRAVEL_TRIP_CANCELLATION","TRAVEL_LOSS_BAGGAGE"]}
2023-08-08 12:39:25,586 [Test worker] INFO  l.j.t.i.r.TravelCalculatePremiumResponseLogger - RESPONSE: {"errors":[{"field":"personLastName","message":"Must not be empty!"}],"personFirstName":null,"personLastName":null,"agreementDateFrom":null,"agreementDateTo":null,"agreementPrice":null}
2023-08-08 12:39:25,586 [Test worker] INFO  l.j.t.i.r.TravelCalculatePremiumRequestExecutionTimeLogger - Request processing time (ms): 6
2023-08-08 12:39:25,601 [Test worker] INFO  l.j.t.i.r.TravelCalculatePremiumRequestLogger - REQUEST: {"personFirstName":"Vasja","personLastName":"Pupkin","agreementDateFrom":null,"agreementDateTo":"2025-05-29","selectedRisks":["TRAVEL_MEDICAL","TRAVEL_TRIP_CANCELLATION","TRAVEL_LOSS_BAGGAGE"]}
2023-08-08 12:39:25,605 [Test worker] INFO  l.j.t.i.r.TravelCalculatePremiumResponseLogger - RESPONSE: {"errors":[{"field":"agreementDateFrom","message":"Must not be empty!"}],"personFirstName":null,"personLastName":null,"agreementDateFrom":null,"agreementDateTo":null,"agreementPrice":null}
2023-08-08 12:39:25,605 [Test worker] INFO  l.j.t.i.r.TravelCalculatePremiumRequestExecutionTimeLogger - Request processing time (ms): 8
