2023-08-08 12:39:31,812 [Test worker] INFO  o.s.b.t.c.SpringBootTestContextBootstrapper - Neither @ContextConfiguration nor @ContextHierarchy found for test class [lv.javaguru.travel.insurance.rest.TravelCalculatePremiumControllerTest], using SpringBootContextLoader
2023-08-08 12:39:31,857 [Test worker] INFO  o.s.t.c.s.AbstractContextLoader - Could not detect default resource locations for test class [lv.javaguru.travel.insurance.rest.TravelCalculatePremiumControllerTest]: no resource found for suffixes {-context.xml, Context.groovy}.
2023-08-08 12:39:31,862 [Test worker] INFO  o.s.t.c.s.AnnotationConfigContextLoaderUtils - Could not detect default configuration classes for test class [lv.javaguru.travel.insurance.rest.TravelCalculatePremiumControllerTest]: TravelCalculatePremiumControllerTest does not declare any static, non-private, non-final, nested classes annotated with @Configuration.
2023-08-08 12:39:32,066 [Test worker] INFO  o.s.b.t.c.SpringBootTestContextBootstrapper - Found @SpringBootConfiguration lv.javaguru.travel.insurance.InsuranceApplication for test class lv.javaguru.travel.insurance.rest.TravelCalculatePremiumControllerTest
2023-08-08 12:39:32,265 [Test worker] INFO  o.s.b.t.c.SpringBootTestContextBootstrapper - Loaded default TestExecutionListener class names from location [META-INF/spring.factories]: [org.springframework.boot.test.autoconfigure.restdocs.RestDocsTestExecutionListener, org.springframework.boot.test.autoconfigure.web.client.MockRestServiceServerResetTestExecutionListener, org.springframework.boot.test.autoconfigure.web.servlet.MockMvcPrintOnlyOnFailureTestExecutionListener, org.springframework.boot.test.autoconfigure.web.servlet.WebDriverTestExecutionListener, org.springframework.boot.test.autoconfigure.webservices.client.MockWebServiceServerTestExecutionListener, org.springframework.boot.test.mock.mockito.MockitoTestExecutionListener, org.springframework.boot.test.mock.mockito.ResetMocksTestExecutionListener, org.springframework.test.context.web.ServletTestExecutionListener, org.springframework.test.context.support.DirtiesContextBeforeModesTestExecutionListener, org.springframework.test.context.event.ApplicationEventsTestExecutionListener, org.springframework.test.context.support.DependencyInjectionTestExecutionListener, org.springframework.test.context.support.DirtiesContextTestExecutionListener, org.springframework.test.context.transaction.TransactionalTestExecutionListener, org.springframework.test.context.jdbc.SqlScriptsTestExecutionListener, org.springframework.test.context.event.EventPublishingTestExecutionListener]
2023-08-08 12:39:32,313 [Test worker] INFO  o.s.b.t.c.SpringBootTestContextBootstrapper - Using TestExecutionListeners: [org.springframework.test.context.web.ServletTestExecutionListener@77114efe, org.springframework.test.context.support.DirtiesContextBeforeModesTestExecutionListener@79a7bfbc, org.springframework.test.context.event.ApplicationEventsTestExecutionListener@77f68df, org.springframework.boot.test.mock.mockito.MockitoTestExecutionListener@3e4e4c1, org.springframework.boot.test.autoconfigure.SpringBootDependencyInjectionTestExecutionListener@7e7f3cfd, org.springframework.test.context.support.DirtiesContextTestExecutionListener@3ae126d1, org.springframework.test.context.transaction.TransactionalTestExecutionListener@46a488c2, org.springframework.test.context.jdbc.SqlScriptsTestExecutionListener@6242ae3b, org.springframework.test.context.event.EventPublishingTestExecutionListener@65ddee5a, org.springframework.boot.test.autoconfigure.restdocs.RestDocsTestExecutionListener@56399b9e, org.springframework.boot.test.autoconfigure.web.client.MockRestServiceServerResetTestExecutionListener@34b9eb03, org.springframework.boot.test.autoconfigure.web.servlet.MockMvcPrintOnlyOnFailureTestExecutionListener@43fda8d9, org.springframework.boot.test.autoconfigure.web.servlet.WebDriverTestExecutionListener@49d831c2, org.springframework.boot.test.autoconfigure.webservices.client.MockWebServiceServerTestExecutionListener@53a7a60c, org.springframework.boot.test.mock.mockito.ResetMocksTestExecutionListener@28bdbe88]
2023-08-08 12:39:32,870 [Test worker] INFO  l.j.t.i.r.TravelCalculatePremiumControllerTest - Starting TravelCalculatePremiumControllerTest using Java 18.0.2 on VSAVONINS with PID 2600 (started by admin in C:\javaguru\projects\java2-real-practice-with-mentor\trevel_insurance_calculator\step_46)
2023-08-08 12:39:32,873 [Test worker] INFO  l.j.t.i.r.TravelCalculatePremiumControllerTest - No active profile set, falling back to 1 default profile: "default"
2023-08-08 12:39:34,376 [Test worker] INFO  o.s.d.r.c.RepositoryConfigurationDelegate - Bootstrapping Spring Data JPA repositories in DEFAULT mode.
2023-08-08 12:39:34,447 [Test worker] INFO  o.s.d.r.c.RepositoryConfigurationDelegate - Finished Spring Data repository scanning in 42 ms. Found 0 JPA repository interfaces.
2023-08-08 12:39:35,414 [Test worker] INFO  com.zaxxer.hikari.HikariDataSource - HikariPool-1 - Starting...
2023-08-08 12:39:35,961 [Test worker] INFO  com.zaxxer.hikari.HikariDataSource - HikariPool-1 - Start completed.
2023-08-08 12:39:36,366 [Test worker] INFO  o.h.jpa.internal.util.LogHelper - HHH000204: Processing PersistenceUnitInfo [name: default]
2023-08-08 12:39:36,517 [Test worker] INFO  org.hibernate.Version - HHH000412: Hibernate ORM core version 5.6.12.Final
2023-08-08 12:39:36,606 [Test worker] INFO  o.h.annotations.common.Version - HCANN000001: Hibernate Commons Annotations {5.1.2.Final}
2023-08-08 12:39:36,900 [Test worker] INFO  org.hibernate.dialect.Dialect - HHH000400: Using dialect: org.hibernate.dialect.H2Dialect
2023-08-08 12:39:37,716 [Test worker] INFO  o.h.e.t.j.p.i.JtaPlatformInitiator - HHH000490: Using JtaPlatform implementation: [org.hibernate.engine.transaction.jta.platform.internal.NoJtaPlatform]
2023-08-08 12:39:37,738 [Test worker] INFO  o.s.o.j.LocalContainerEntityManagerFactoryBean - Initialized JPA EntityManagerFactory for persistence unit 'default'
2023-08-08 12:39:38,450 [Test worker] WARN  o.s.b.a.o.j.JpaBaseConfiguration$JpaWebConfiguration - spring.jpa.open-in-view is enabled by default. Therefore, database queries may be performed during view rendering. Explicitly configure spring.jpa.open-in-view to disable this warning
2023-08-08 12:39:40,426 [Test worker] INFO  o.s.b.t.m.w.SpringBootMockServletContext - Initializing Spring TestDispatcherServlet ''
2023-08-08 12:39:40,426 [Test worker] INFO  o.s.t.w.s.TestDispatcherServlet - Initializing Servlet ''
2023-08-08 12:39:40,436 [Test worker] INFO  o.s.t.w.s.TestDispatcherServlet - Completed initialization in 9 ms
2023-08-08 12:39:40,492 [Test worker] INFO  l.j.t.i.r.TravelCalculatePremiumControllerTest - Started TravelCalculatePremiumControllerTest in 8.107 seconds (JVM running for 13.416)
2023-08-08 12:39:41,240 [Test worker] INFO  l.j.t.i.r.TravelCalculatePremiumRequestLogger - REQUEST: {"personFirstName":null,"personLastName":null,"agreementDateFrom":null,"agreementDateTo":null,"selectedRisks":null}
2023-08-08 12:39:41,274 [Test worker] INFO  l.j.t.i.r.TravelCalculatePremiumResponseLogger - RESPONSE: {"errors":[{"errorCode":"ERROR_CODE_2","description":"Field agreementDateFrom must not be empty!"},{"errorCode":"ERROR_CODE_4","description":"Field agreementDateTo must not be empty!"},{"errorCode":"ERROR_CODE_6","description":"Field selectedRisks must not be empty!"},{"errorCode":"ERROR_CODE_7","description":"Field personFirstName must not be empty!"},{"errorCode":"ERROR_CODE_8","description":"Field personLastName must not be empty!"}],"personFirstName":null,"personLastName":null,"agreementDateFrom":null,"agreementDateTo":null,"agreementPrice":null}
2023-08-08 12:39:41,281 [Test worker] INFO  l.j.t.i.r.TravelCalculatePremiumRequestExecutionTimeLogger - Request processing time (ms): 90
2023-08-08 12:39:41,599 [Test worker] INFO  l.j.t.i.r.TravelCalculatePremiumRequestLogger - REQUEST: {"personFirstName":"","personLastName":"Pupkin","agreementDateFrom":"2025-05-25","agreementDateTo":"2025-05-29","selectedRisks":["TRAVEL_MEDICAL","TRAVEL_TRIP_CANCELLATION","TRAVEL_LOSS_BAGGAGE"]}
2023-08-08 12:39:41,602 [Test worker] INFO  l.j.t.i.r.TravelCalculatePremiumResponseLogger - RESPONSE: {"errors":[{"errorCode":"ERROR_CODE_7","description":"Field personFirstName must not be empty!"}],"personFirstName":null,"personLastName":null,"agreementDateFrom":null,"agreementDateTo":null,"agreementPrice":null}
2023-08-08 12:39:41,603 [Test worker] INFO  l.j.t.i.r.TravelCalculatePremiumRequestExecutionTimeLogger - Request processing time (ms): 8
2023-08-08 12:39:41,620 [Test worker] INFO  l.j.t.i.r.TravelCalculatePremiumRequestLogger - REQUEST: {"personFirstName":"Vasja","personLastName":"Pupkin","agreementDateFrom":"2025-05-20","agreementDateTo":"2025-05-29","selectedRisks":[]}
2023-08-08 12:39:41,623 [Test worker] INFO  l.j.t.i.r.TravelCalculatePremiumResponseLogger - RESPONSE: {"errors":[{"errorCode":"ERROR_CODE_6","description":"Field selectedRisks must not be empty!"}],"personFirstName":null,"personLastName":null,"agreementDateFrom":null,"agreementDateTo":null,"agreementPrice":null}
2023-08-08 12:39:41,623 [Test worker] INFO  l.j.t.i.r.TravelCalculatePremiumRequestExecutionTimeLogger - Request processing time (ms): 6
2023-08-08 12:39:41,641 [Test worker] INFO  l.j.t.i.r.TravelCalculatePremiumRequestLogger - REQUEST: {"personFirstName":"Vasja","personLastName":"Pupkin","agreementDateFrom":"2025-05-20","agreementDateTo":"2025-05-10","selectedRisks":["TRAVEL_MEDICAL","TRAVEL_TRIP_CANCELLATION","TRAVEL_LOSS_BAGGAGE"]}
2023-08-08 12:39:41,644 [Test worker] INFO  l.j.t.i.r.TravelCalculatePremiumResponseLogger - RESPONSE: {"errors":[{"errorCode":"ERROR_CODE_5","description":"Field agreementDateFrom must be less than agreementDateTo!"}],"personFirstName":null,"personLastName":null,"agreementDateFrom":null,"agreementDateTo":null,"agreementPrice":null}
2023-08-08 12:39:41,644 [Test worker] INFO  l.j.t.i.r.TravelCalculatePremiumRequestExecutionTimeLogger - Request processing time (ms): 5
2023-08-08 12:39:41,668 [Test worker] INFO  l.j.t.i.r.TravelCalculatePremiumRequestLogger - REQUEST: {"personFirstName":"Vasja","personLastName":"Pupkin","agreementDateFrom":"2025-05-29","agreementDateTo":"2020-05-29","selectedRisks":["TRAVEL_MEDICAL","TRAVEL_TRIP_CANCELLATION","TRAVEL_LOSS_BAGGAGE"]}
2023-08-08 12:39:41,671 [Test worker] INFO  l.j.t.i.r.TravelCalculatePremiumResponseLogger - RESPONSE: {"errors":[{"errorCode":"ERROR_CODE_3","description":"Field agreementDateTo must be in the future!"},{"errorCode":"ERROR_CODE_5","description":"Field agreementDateFrom must be less than agreementDateTo!"}],"personFirstName":null,"personLastName":null,"agreementDateFrom":null,"agreementDateTo":null,"agreementPrice":null}
2023-08-08 12:39:41,671 [Test worker] INFO  l.j.t.i.r.TravelCalculatePremiumRequestExecutionTimeLogger - Request processing time (ms): 5
2023-08-08 12:39:41,685 [Test worker] INFO  l.j.t.i.r.TravelCalculatePremiumRequestLogger - REQUEST: {"personFirstName":"Vasja","personLastName":"Pupkin","agreementDateFrom":"2025-05-29","agreementDateTo":null,"selectedRisks":["TRAVEL_MEDICAL","TRAVEL_TRIP_CANCELLATION","TRAVEL_LOSS_BAGGAGE"]}
2023-08-08 12:39:41,687 [Test worker] INFO  l.j.t.i.r.TravelCalculatePremiumResponseLogger - RESPONSE: {"errors":[{"errorCode":"ERROR_CODE_4","description":"Field agreementDateTo must not be empty!"}],"personFirstName":null,"personLastName":null,"agreementDateFrom":null,"agreementDateTo":null,"agreementPrice":null}
2023-08-08 12:39:41,688 [Test worker] INFO  l.j.t.i.r.TravelCalculatePremiumRequestExecutionTimeLogger - Request processing time (ms): 5
2023-08-08 12:39:41,729 [Test worker] INFO  l.j.t.i.r.TravelCalculatePremiumRequestLogger - REQUEST: {"personFirstName":"Vasja","personLastName":null,"agreementDateFrom":"2025-05-25","agreementDateTo":"2025-05-29","selectedRisks":["TRAVEL_MEDICAL","TRAVEL_TRIP_CANCELLATION","TRAVEL_LOSS_BAGGAGE"]}
2023-08-08 12:39:41,735 [Test worker] INFO  l.j.t.i.r.TravelCalculatePremiumResponseLogger - RESPONSE: {"errors":[{"errorCode":"ERROR_CODE_8","description":"Field personLastName must not be empty!"}],"personFirstName":null,"personLastName":null,"agreementDateFrom":null,"agreementDateTo":null,"agreementPrice":null}
2023-08-08 12:39:41,737 [Test worker] INFO  l.j.t.i.r.TravelCalculatePremiumRequestExecutionTimeLogger - Request processing time (ms): 10
2023-08-08 12:39:41,763 [Test worker] INFO  l.j.t.i.r.TravelCalculatePremiumRequestLogger - REQUEST: {"personFirstName":null,"personLastName":"Pupkin","agreementDateFrom":"2025-05-25","agreementDateTo":"2025-05-29","selectedRisks":["TRAVEL_MEDICAL","TRAVEL_TRIP_CANCELLATION","TRAVEL_LOSS_BAGGAGE"]}
2023-08-08 12:39:41,772 [Test worker] INFO  l.j.t.i.r.TravelCalculatePremiumResponseLogger - RESPONSE: {"errors":[{"errorCode":"ERROR_CODE_7","description":"Field personFirstName must not be empty!"}],"personFirstName":null,"personLastName":null,"agreementDateFrom":null,"agreementDateTo":null,"agreementPrice":null}
2023-08-08 12:39:41,772 [Test worker] INFO  l.j.t.i.r.TravelCalculatePremiumRequestExecutionTimeLogger - Request processing time (ms): 16
2023-08-08 12:39:41,786 [Test worker] INFO  l.j.t.i.r.TravelCalculatePremiumRequestLogger - REQUEST: {"personFirstName":"Vasja","personLastName":"Pupkin","agreementDateFrom":"2025-05-25","agreementDateTo":"2025-05-29","selectedRisks":["TRAVEL_MEDICAL","TRAVEL_TRIP_CANCELLATION","TRAVEL_LOSS_BAGGAGE"]}
2023-08-08 12:39:41,801 [Test worker] INFO  l.j.t.i.r.TravelCalculatePremiumResponseLogger - RESPONSE: {"errors":null,"personFirstName":"Vasja","personLastName":"Pupkin","agreementDateFrom":"2025-05-25","agreementDateTo":"2025-05-29","agreementPrice":4}
2023-08-08 12:39:41,802 [Test worker] INFO  l.j.t.i.r.TravelCalculatePremiumRequestExecutionTimeLogger - Request processing time (ms): 19
2023-08-08 12:39:41,825 [Test worker] INFO  l.j.t.i.r.TravelCalculatePremiumRequestLogger - REQUEST: {"personFirstName":"Vasja","personLastName":"Pupkin","agreementDateFrom":"2025-05-20","agreementDateTo":"2025-05-29","selectedRisks":null}
2023-08-08 12:39:41,827 [Test worker] INFO  l.j.t.i.r.TravelCalculatePremiumResponseLogger - RESPONSE: {"errors":[{"errorCode":"ERROR_CODE_6","description":"Field selectedRisks must not be empty!"}],"personFirstName":null,"personLastName":null,"agreementDateFrom":null,"agreementDateTo":null,"agreementPrice":null}
2023-08-08 12:39:41,828 [Test worker] INFO  l.j.t.i.r.TravelCalculatePremiumRequestExecutionTimeLogger - Request processing time (ms): 4
2023-08-08 12:39:41,844 [Test worker] INFO  l.j.t.i.r.TravelCalculatePremiumRequestLogger - REQUEST: {"personFirstName":"Vasja","personLastName":"Pupkin","agreementDateFrom":"2020-05-29","agreementDateTo":"2025-05-29","selectedRisks":["TRAVEL_MEDICAL","TRAVEL_TRIP_CANCELLATION","TRAVEL_LOSS_BAGGAGE"]}
2023-08-08 12:39:41,846 [Test worker] INFO  l.j.t.i.r.TravelCalculatePremiumResponseLogger - RESPONSE: {"errors":[{"errorCode":"ERROR_CODE_1","description":"Field agreementDateFrom must be in the future!"}],"personFirstName":null,"personLastName":null,"agreementDateFrom":null,"agreementDateTo":null,"agreementPrice":null}
2023-08-08 12:39:41,847 [Test worker] INFO  l.j.t.i.r.TravelCalculatePremiumRequestExecutionTimeLogger - Request processing time (ms): 5
2023-08-08 12:39:41,880 [Test worker] INFO  l.j.t.i.r.TravelCalculatePremiumRequestLogger - REQUEST: {"personFirstName":"Vasja","personLastName":"","agreementDateFrom":"2025-05-25","agreementDateTo":"2025-05-29","selectedRisks":["TRAVEL_MEDICAL","TRAVEL_TRIP_CANCELLATION","TRAVEL_LOSS_BAGGAGE"]}
2023-08-08 12:39:41,883 [Test worker] INFO  l.j.t.i.r.TravelCalculatePremiumResponseLogger - RESPONSE: {"errors":[{"errorCode":"ERROR_CODE_8","description":"Field personLastName must not be empty!"}],"personFirstName":null,"personLastName":null,"agreementDateFrom":null,"agreementDateTo":null,"agreementPrice":null}
2023-08-08 12:39:41,883 [Test worker] INFO  l.j.t.i.r.TravelCalculatePremiumRequestExecutionTimeLogger - Request processing time (ms): 8
2023-08-08 12:39:41,914 [Test worker] INFO  l.j.t.i.r.TravelCalculatePremiumRequestLogger - REQUEST: {"personFirstName":"Vasja","personLastName":"Pupkin","agreementDateFrom":null,"agreementDateTo":"2025-05-29","selectedRisks":["TRAVEL_MEDICAL","TRAVEL_TRIP_CANCELLATION","TRAVEL_LOSS_BAGGAGE"]}
2023-08-08 12:39:41,917 [Test worker] INFO  l.j.t.i.r.TravelCalculatePremiumResponseLogger - RESPONSE: {"errors":[{"errorCode":"ERROR_CODE_2","description":"Field agreementDateFrom must not be empty!"}],"personFirstName":null,"personLastName":null,"agreementDateFrom":null,"agreementDateTo":null,"agreementPrice":null}
2023-08-08 12:39:41,918 [Test worker] INFO  l.j.t.i.r.TravelCalculatePremiumRequestExecutionTimeLogger - Request processing time (ms): 9
2023-08-08 12:39:42,008 [SpringApplicationShutdownHook] INFO  o.s.o.j.LocalContainerEntityManagerFactoryBean - Closing JPA EntityManagerFactory for persistence unit 'default'
2023-08-08 12:39:42,011 [SpringApplicationShutdownHook] INFO  com.zaxxer.hikari.HikariDataSource - HikariPool-1 - Shutdown initiated...
2023-08-08 12:39:42,041 [SpringApplicationShutdownHook] INFO  com.zaxxer.hikari.HikariDataSource - HikariPool-1 - Shutdown completed.
