2023-04-01 08:09:30,284 [Test worker] INFO  o.s.b.t.c.SpringBootTestContextBootstrapper - Neither @ContextConfiguration nor @ContextHierarchy found for test class [lv.javaguru.travel.insurance.rest.TravelCalculatePremiumControllerTest], using SpringBootContextLoader
2023-04-01 08:09:30,320 [Test worker] INFO  o.s.t.c.s.AbstractContextLoader - Could not detect default resource locations for test class [lv.javaguru.travel.insurance.rest.TravelCalculatePremiumControllerTest]: no resource found for suffixes {-context.xml, Context.groovy}.
2023-04-01 08:09:30,321 [Test worker] INFO  o.s.t.c.s.AnnotationConfigContextLoaderUtils - Could not detect default configuration classes for test class [lv.javaguru.travel.insurance.rest.TravelCalculatePremiumControllerTest]: TravelCalculatePremiumControllerTest does not declare any static, non-private, non-final, nested classes annotated with @Configuration.
2023-04-01 08:09:30,816 [Test worker] INFO  o.s.b.t.c.SpringBootTestContextBootstrapper - Found @SpringBootConfiguration lv.javaguru.travel.insurance.InsuranceApplication for test class lv.javaguru.travel.insurance.rest.TravelCalculatePremiumControllerTest
2023-04-01 08:09:31,145 [Test worker] INFO  o.s.b.t.c.SpringBootTestContextBootstrapper - Loaded default TestExecutionListener class names from location [META-INF/spring.factories]: [org.springframework.boot.test.autoconfigure.restdocs.RestDocsTestExecutionListener, org.springframework.boot.test.autoconfigure.web.client.MockRestServiceServerResetTestExecutionListener, org.springframework.boot.test.autoconfigure.web.servlet.MockMvcPrintOnlyOnFailureTestExecutionListener, org.springframework.boot.test.autoconfigure.web.servlet.WebDriverTestExecutionListener, org.springframework.boot.test.autoconfigure.webservices.client.MockWebServiceServerTestExecutionListener, org.springframework.boot.test.mock.mockito.MockitoTestExecutionListener, org.springframework.boot.test.mock.mockito.ResetMocksTestExecutionListener, org.springframework.test.context.web.ServletTestExecutionListener, org.springframework.test.context.support.DirtiesContextBeforeModesTestExecutionListener, org.springframework.test.context.event.ApplicationEventsTestExecutionListener, org.springframework.test.context.support.DependencyInjectionTestExecutionListener, org.springframework.test.context.support.DirtiesContextTestExecutionListener, org.springframework.test.context.transaction.TransactionalTestExecutionListener, org.springframework.test.context.jdbc.SqlScriptsTestExecutionListener, org.springframework.test.context.event.EventPublishingTestExecutionListener]
2023-04-01 08:09:31,188 [Test worker] INFO  o.s.b.t.c.SpringBootTestContextBootstrapper - Using TestExecutionListeners: [org.springframework.test.context.web.ServletTestExecutionListener@79e66b2f, org.springframework.test.context.support.DirtiesContextBeforeModesTestExecutionListener@17273273, org.springframework.test.context.event.ApplicationEventsTestExecutionListener@5f69e2b, org.springframework.boot.test.mock.mockito.MockitoTestExecutionListener@984169e, org.springframework.boot.test.autoconfigure.SpringBootDependencyInjectionTestExecutionListener@43f1bb92, org.springframework.test.context.support.DirtiesContextTestExecutionListener@6d6bbd35, org.springframework.test.context.event.EventPublishingTestExecutionListener@5c5d6175, org.springframework.boot.test.autoconfigure.restdocs.RestDocsTestExecutionListener@7544ac86, org.springframework.boot.test.autoconfigure.web.client.MockRestServiceServerResetTestExecutionListener@3b27b497, org.springframework.boot.test.autoconfigure.web.servlet.MockMvcPrintOnlyOnFailureTestExecutionListener@b1534d3, org.springframework.boot.test.autoconfigure.web.servlet.WebDriverTestExecutionListener@3c74aa0d, org.springframework.boot.test.autoconfigure.webservices.client.MockWebServiceServerTestExecutionListener@6c841199, org.springframework.boot.test.mock.mockito.ResetMocksTestExecutionListener@6a818392]
2023-04-01 08:09:31,995 [Test worker] INFO  l.j.j.i.r.TravelCalculatePremiumControllerTest - Starting TravelCalculatePremiumControllerTest using Java 18.0.2 on VSAVONINS with PID 100 (started by admin in C:\javaguru\projects\java2-real-practice-with-mentor\teacher\step_33)
2023-04-01 08:09:31,996 [Test worker] INFO  l.j.j.i.r.TravelCalculatePremiumControllerTest - No active profile set, falling back to 1 default profile: "default"
2023-04-01 08:09:36,484 [Test worker] INFO  o.s.b.t.m.w.SpringBootMockServletContext - Initializing Spring TestDispatcherServlet ''
2023-04-01 08:09:36,484 [Test worker] INFO  o.s.t.w.s.TestDispatcherServlet - Initializing Servlet ''
2023-04-01 08:09:36,487 [Test worker] INFO  o.s.t.w.s.TestDispatcherServlet - Completed initialization in 2 ms
2023-04-01 08:09:36,542 [Test worker] INFO  l.j.j.i.r.TravelCalculatePremiumControllerTest - Started TravelCalculatePremiumControllerTest in 5.222 seconds (JVM running for 12.057)
2023-04-01 08:09:36,851 [Test worker] INFO  l.j.j.i.r.TravelCalculatePremiumRequestLogger - REQUEST: {"personFirstName":null,"personLastName":null,"agreementDateFrom":null,"agreementDateTo":null}
2023-04-01 08:09:36,868 [Test worker] INFO  l.j.j.i.r.TravelCalculatePremiumResponseLogger - RESPONSE: {"errors":[{"field":"agreementDateFrom","message":"Must not be empty!"},{"field":"agreementDateTo","message":"Must not be empty!"},{"field":"personFirstName","message":"Must not be empty!"},{"field":"personLastName","message":"Must not be empty!"}],"personFirstName":null,"personLastName":null,"agreementDateFrom":null,"agreementDateTo":null,"agreementPrice":null}
2023-04-01 08:09:36,890 [Test worker] INFO  l.j.j.i.r.TravelCalculatePremiumRequestExecutionTimeLogger - Request processing time (ms): 54
2023-04-01 08:09:37,012 [Test worker] INFO  l.j.j.i.r.TravelCalculatePremiumRequestLogger - REQUEST: {"personFirstName":"Vasja","personLastName":"Pupkin","agreementDateFrom":"2025-05-20","agreementDateTo":"2025-05-10"}
2023-04-01 08:09:37,016 [Test worker] INFO  l.j.j.i.r.TravelCalculatePremiumResponseLogger - RESPONSE: {"errors":[{"field":"agreementDateFrom","message":"Must be less then agreementDateTo!"}],"personFirstName":null,"personLastName":null,"agreementDateFrom":null,"agreementDateTo":null,"agreementPrice":null}
2023-04-01 08:09:37,017 [Test worker] INFO  l.j.j.i.r.TravelCalculatePremiumRequestExecutionTimeLogger - Request processing time (ms): 21
2023-04-01 08:09:37,040 [Test worker] INFO  l.j.j.i.r.TravelCalculatePremiumRequestLogger - REQUEST: {"personFirstName":"Vasja","personLastName":"Pupkin","agreementDateFrom":"2025-05-29","agreementDateTo":null}
2023-04-01 08:09:37,044 [Test worker] INFO  l.j.j.i.r.TravelCalculatePremiumResponseLogger - RESPONSE: {"errors":[{"field":"agreementDateTo","message":"Must not be empty!"}],"personFirstName":null,"personLastName":null,"agreementDateFrom":null,"agreementDateTo":null,"agreementPrice":null}
2023-04-01 08:09:37,044 [Test worker] INFO  l.j.j.i.r.TravelCalculatePremiumRequestExecutionTimeLogger - Request processing time (ms): 7
2023-04-01 08:09:37,064 [Test worker] INFO  l.j.j.i.r.TravelCalculatePremiumRequestLogger - REQUEST: {"personFirstName":"Vasja","personLastName":"Pupkin","agreementDateFrom":"2025-05-25","agreementDateTo":"2025-05-29"}
2023-04-01 08:09:37,082 [Test worker] INFO  l.j.j.i.r.TravelCalculatePremiumResponseLogger - RESPONSE: {"errors":null,"personFirstName":"Vasja","personLastName":"Pupkin","agreementDateFrom":"2025-05-25","agreementDateTo":"2025-05-29","agreementPrice":4}
2023-04-01 08:09:37,083 [Test worker] INFO  l.j.j.i.r.TravelCalculatePremiumRequestExecutionTimeLogger - Request processing time (ms): 23
2023-04-01 08:09:37,147 [Test worker] INFO  l.j.j.i.r.TravelCalculatePremiumRequestLogger - REQUEST: {"personFirstName":null,"personLastName":"Pupkin","agreementDateFrom":"2025-05-25","agreementDateTo":"2025-05-29"}
2023-04-01 08:09:37,153 [Test worker] INFO  l.j.j.i.r.TravelCalculatePremiumResponseLogger - RESPONSE: {"errors":[{"field":"personFirstName","message":"Must not be empty!"}],"personFirstName":null,"personLastName":null,"agreementDateFrom":null,"agreementDateTo":null,"agreementPrice":null}
2023-04-01 08:09:37,154 [Test worker] INFO  l.j.j.i.r.TravelCalculatePremiumRequestExecutionTimeLogger - Request processing time (ms): 8
2023-04-01 08:09:37,168 [Test worker] INFO  l.j.j.i.r.TravelCalculatePremiumRequestLogger - REQUEST: {"personFirstName":"Vasja","personLastName":null,"agreementDateFrom":"2025-05-25","agreementDateTo":"2025-05-29"}
2023-04-01 08:09:37,171 [Test worker] INFO  l.j.j.i.r.TravelCalculatePremiumResponseLogger - RESPONSE: {"errors":[{"field":"personLastName","message":"Must not be empty!"}],"personFirstName":null,"personLastName":null,"agreementDateFrom":null,"agreementDateTo":null,"agreementPrice":null}
2023-04-01 08:09:37,172 [Test worker] INFO  l.j.j.i.r.TravelCalculatePremiumRequestExecutionTimeLogger - Request processing time (ms): 5
2023-04-01 08:09:37,206 [Test worker] INFO  l.j.j.i.r.TravelCalculatePremiumRequestLogger - REQUEST: {"personFirstName":"Vasja","personLastName":"Pupkin","agreementDateFrom":null,"agreementDateTo":"2025-05-29"}
2023-04-01 08:09:37,208 [Test worker] INFO  l.j.j.i.r.TravelCalculatePremiumResponseLogger - RESPONSE: {"errors":[{"field":"agreementDateFrom","message":"Must not be empty!"}],"personFirstName":null,"personLastName":null,"agreementDateFrom":null,"agreementDateTo":null,"agreementPrice":null}
2023-04-01 08:09:37,209 [Test worker] INFO  l.j.j.i.r.TravelCalculatePremiumRequestExecutionTimeLogger - Request processing time (ms): 5
2023-04-01 12:15:49,728 [Test worker] INFO  o.s.b.t.c.SpringBootTestContextBootstrapper - Neither @ContextConfiguration nor @ContextHierarchy found for test class [lv.javaguru.travel.insurance.rest.TravelCalculatePremiumControllerTest], using SpringBootContextLoader
2023-04-01 12:15:49,760 [Test worker] INFO  o.s.t.c.s.AbstractContextLoader - Could not detect default resource locations for test class [lv.javaguru.travel.insurance.rest.TravelCalculatePremiumControllerTest]: no resource found for suffixes {-context.xml, Context.groovy}.
2023-04-01 12:15:49,761 [Test worker] INFO  o.s.t.c.s.AnnotationConfigContextLoaderUtils - Could not detect default configuration classes for test class [lv.javaguru.travel.insurance.rest.TravelCalculatePremiumControllerTest]: TravelCalculatePremiumControllerTest does not declare any static, non-private, non-final, nested classes annotated with @Configuration.
2023-04-01 12:15:50,024 [Test worker] INFO  o.s.b.t.c.SpringBootTestContextBootstrapper - Found @SpringBootConfiguration lv.javaguru.travel.insurance.InsuranceApplication for test class lv.javaguru.travel.insurance.rest.TravelCalculatePremiumControllerTest
2023-04-01 12:15:50,793 [Test worker] INFO  o.s.b.t.c.SpringBootTestContextBootstrapper - Loaded default TestExecutionListener class names from location [META-INF/spring.factories]: [org.springframework.boot.test.autoconfigure.restdocs.RestDocsTestExecutionListener, org.springframework.boot.test.autoconfigure.web.client.MockRestServiceServerResetTestExecutionListener, org.springframework.boot.test.autoconfigure.web.servlet.MockMvcPrintOnlyOnFailureTestExecutionListener, org.springframework.boot.test.autoconfigure.web.servlet.WebDriverTestExecutionListener, org.springframework.boot.test.autoconfigure.webservices.client.MockWebServiceServerTestExecutionListener, org.springframework.boot.test.mock.mockito.MockitoTestExecutionListener, org.springframework.boot.test.mock.mockito.ResetMocksTestExecutionListener, org.springframework.test.context.web.ServletTestExecutionListener, org.springframework.test.context.support.DirtiesContextBeforeModesTestExecutionListener, org.springframework.test.context.event.ApplicationEventsTestExecutionListener, org.springframework.test.context.support.DependencyInjectionTestExecutionListener, org.springframework.test.context.support.DirtiesContextTestExecutionListener, org.springframework.test.context.transaction.TransactionalTestExecutionListener, org.springframework.test.context.jdbc.SqlScriptsTestExecutionListener, org.springframework.test.context.event.EventPublishingTestExecutionListener]
2023-04-01 12:15:50,813 [Test worker] INFO  o.s.b.t.c.SpringBootTestContextBootstrapper - Using TestExecutionListeners: [org.springframework.test.context.web.ServletTestExecutionListener@5f69e2b, org.springframework.test.context.support.DirtiesContextBeforeModesTestExecutionListener@984169e, org.springframework.test.context.event.ApplicationEventsTestExecutionListener@43f1bb92, org.springframework.boot.test.mock.mockito.MockitoTestExecutionListener@6d6bbd35, org.springframework.boot.test.autoconfigure.SpringBootDependencyInjectionTestExecutionListener@5c5d6175, org.springframework.test.context.support.DirtiesContextTestExecutionListener@7544ac86, org.springframework.test.context.event.EventPublishingTestExecutionListener@3b27b497, org.springframework.boot.test.autoconfigure.restdocs.RestDocsTestExecutionListener@b1534d3, org.springframework.boot.test.autoconfigure.web.client.MockRestServiceServerResetTestExecutionListener@3c74aa0d, org.springframework.boot.test.autoconfigure.web.servlet.MockMvcPrintOnlyOnFailureTestExecutionListener@6c841199, org.springframework.boot.test.autoconfigure.web.servlet.WebDriverTestExecutionListener@6a818392, org.springframework.boot.test.autoconfigure.webservices.client.MockWebServiceServerTestExecutionListener@489091bd, org.springframework.boot.test.mock.mockito.ResetMocksTestExecutionListener@512d6e60]
2023-04-01 12:15:51,537 [Test worker] INFO  l.j.j.i.r.TravelCalculatePremiumControllerTest - Starting TravelCalculatePremiumControllerTest using Java 18.0.2 on VSAVONINS with PID 13904 (started by admin in C:\javaguru\projects\java2-real-practice-with-mentor\teacher\step_33)
2023-04-01 12:15:51,544 [Test worker] INFO  l.j.j.i.r.TravelCalculatePremiumControllerTest - No active profile set, falling back to 1 default profile: "default"
2023-04-01 12:15:56,076 [Test worker] INFO  o.s.b.t.m.w.SpringBootMockServletContext - Initializing Spring TestDispatcherServlet ''
2023-04-01 12:15:56,077 [Test worker] INFO  o.s.t.w.s.TestDispatcherServlet - Initializing Servlet ''
2023-04-01 12:15:56,078 [Test worker] INFO  o.s.t.w.s.TestDispatcherServlet - Completed initialization in 1 ms
2023-04-01 12:15:56,162 [Test worker] INFO  l.j.j.i.r.TravelCalculatePremiumControllerTest - Started TravelCalculatePremiumControllerTest in 5.281 seconds (JVM running for 13.206)
2023-04-01 12:15:56,635 [Test worker] INFO  l.j.j.i.r.TravelCalculatePremiumRequestLogger - REQUEST: {"personFirstName":null,"personLastName":null,"agreementDateFrom":null,"agreementDateTo":null}
2023-04-01 12:15:56,649 [Test worker] INFO  l.j.j.i.r.TravelCalculatePremiumResponseLogger - RESPONSE: {"errors":[{"field":"agreementDateFrom","message":"Must not be empty!"},{"field":"agreementDateTo","message":"Must not be empty!"},{"field":"personFirstName","message":"Must not be empty!"},{"field":"personLastName","message":"Must not be empty!"}],"personFirstName":null,"personLastName":null,"agreementDateFrom":null,"agreementDateTo":null,"agreementPrice":null}
2023-04-01 12:15:56,653 [Test worker] INFO  l.j.j.i.r.TravelCalculatePremiumRequestExecutionTimeLogger - Request processing time (ms): 51
2023-04-01 12:15:56,776 [Test worker] INFO  l.j.j.i.r.TravelCalculatePremiumRequestLogger - REQUEST: {"personFirstName":"Vasja","personLastName":"Pupkin","agreementDateFrom":"2025-05-20","agreementDateTo":"2025-05-10"}
2023-04-01 12:15:56,779 [Test worker] INFO  l.j.j.i.r.TravelCalculatePremiumResponseLogger - RESPONSE: {"errors":[{"field":"agreementDateFrom","message":"Must be less then agreementDateTo!"}],"personFirstName":null,"personLastName":null,"agreementDateFrom":null,"agreementDateTo":null,"agreementPrice":null}
2023-04-01 12:15:56,779 [Test worker] INFO  l.j.j.i.r.TravelCalculatePremiumRequestExecutionTimeLogger - Request processing time (ms): 17
2023-04-01 12:15:56,792 [Test worker] INFO  l.j.j.i.r.TravelCalculatePremiumRequestLogger - REQUEST: {"personFirstName":"Vasja","personLastName":"Pupkin","agreementDateFrom":"2025-05-29","agreementDateTo":null}
2023-04-01 12:15:56,796 [Test worker] INFO  l.j.j.i.r.TravelCalculatePremiumResponseLogger - RESPONSE: {"errors":[{"field":"agreementDateTo","message":"Must not be empty!"}],"personFirstName":null,"personLastName":null,"agreementDateFrom":null,"agreementDateTo":null,"agreementPrice":null}
2023-04-01 12:15:56,796 [Test worker] INFO  l.j.j.i.r.TravelCalculatePremiumRequestExecutionTimeLogger - Request processing time (ms): 6
2023-04-01 12:15:56,812 [Test worker] INFO  l.j.j.i.r.TravelCalculatePremiumRequestLogger - REQUEST: {"personFirstName":"Vasja","personLastName":"Pupkin","agreementDateFrom":"2025-05-25","agreementDateTo":"2025-05-29"}
2023-04-01 12:15:56,824 [Test worker] INFO  l.j.j.i.r.TravelCalculatePremiumResponseLogger - RESPONSE: {"errors":null,"personFirstName":"Vasja","personLastName":"Pupkin","agreementDateFrom":"2025-05-25","agreementDateTo":"2025-05-29","agreementPrice":4}
2023-04-01 12:15:56,824 [Test worker] INFO  l.j.j.i.r.TravelCalculatePremiumRequestExecutionTimeLogger - Request processing time (ms): 15
2023-04-01 12:15:56,858 [Test worker] INFO  l.j.j.i.r.TravelCalculatePremiumRequestLogger - REQUEST: {"personFirstName":null,"personLastName":"Pupkin","agreementDateFrom":"2025-05-25","agreementDateTo":"2025-05-29"}
2023-04-01 12:15:56,860 [Test worker] INFO  l.j.j.i.r.TravelCalculatePremiumResponseLogger - RESPONSE: {"errors":[{"field":"personFirstName","message":"Must not be empty!"}],"personFirstName":null,"personLastName":null,"agreementDateFrom":null,"agreementDateTo":null,"agreementPrice":null}
2023-04-01 12:15:56,861 [Test worker] INFO  l.j.j.i.r.TravelCalculatePremiumRequestExecutionTimeLogger - Request processing time (ms): 5
2023-04-01 12:15:56,872 [Test worker] INFO  l.j.j.i.r.TravelCalculatePremiumRequestLogger - REQUEST: {"personFirstName":"Vasja","personLastName":null,"agreementDateFrom":"2025-05-25","agreementDateTo":"2025-05-29"}
2023-04-01 12:15:56,875 [Test worker] INFO  l.j.j.i.r.TravelCalculatePremiumResponseLogger - RESPONSE: {"errors":[{"field":"personLastName","message":"Must not be empty!"}],"personFirstName":null,"personLastName":null,"agreementDateFrom":null,"agreementDateTo":null,"agreementPrice":null}
2023-04-01 12:15:56,875 [Test worker] INFO  l.j.j.i.r.TravelCalculatePremiumRequestExecutionTimeLogger - Request processing time (ms): 4
2023-04-01 12:15:56,887 [Test worker] INFO  l.j.j.i.r.TravelCalculatePremiumRequestLogger - REQUEST: {"personFirstName":"Vasja","personLastName":"Pupkin","agreementDateFrom":null,"agreementDateTo":"2025-05-29"}
2023-04-01 12:15:56,889 [Test worker] INFO  l.j.j.i.r.TravelCalculatePremiumResponseLogger - RESPONSE: {"errors":[{"field":"agreementDateFrom","message":"Must not be empty!"}],"personFirstName":null,"personLastName":null,"agreementDateFrom":null,"agreementDateTo":null,"agreementPrice":null}
2023-04-01 12:15:56,890 [Test worker] INFO  l.j.j.i.r.TravelCalculatePremiumRequestExecutionTimeLogger - Request processing time (ms): 4
