2023-04-11 12:50:13,460 [Test worker] INFO  l.j.t.i.r.TravelCalculatePremiumRequestLogger - REQUEST: {"personFirstName":null,"personLastName":null,"agreementDateFrom":null,"agreementDateTo":null}
2023-04-11 12:50:13,475 [Test worker] INFO  l.j.t.i.r.TravelCalculatePremiumResponseLogger - RESPONSE: {"errors":[{"field":"agreementDateFrom","message":"Must not be empty!"},{"field":"agreementDateTo","message":"Must not be empty!"},{"field":"personFirstName","message":"Must not be empty!"},{"field":"personLastName","message":"Must not be empty!"}],"personFirstName":null,"personLastName":null,"agreementDateFrom":null,"agreementDateTo":null,"agreementPrice":null}
2023-04-11 12:50:13,615 [Test worker] INFO  l.j.t.i.r.TravelCalculatePremiumRequestLogger - REQUEST: {"personFirstName":"Vasja","personLastName":"Pupkin","agreementDateFrom":"2025-05-20","agreementDateTo":"2025-05-10"}
2023-04-11 12:50:13,617 [Test worker] INFO  l.j.t.i.r.TravelCalculatePremiumResponseLogger - RESPONSE: {"errors":[{"field":"agreementDateFrom","message":"Must be less then agreementDateTo!"}],"personFirstName":null,"personLastName":null,"agreementDateFrom":null,"agreementDateTo":null,"agreementPrice":null}
2023-04-11 12:50:13,631 [Test worker] INFO  l.j.t.i.r.TravelCalculatePremiumRequestLogger - REQUEST: {"personFirstName":"Vasja","personLastName":"Pupkin","agreementDateFrom":"2025-05-29","agreementDateTo":null}
2023-04-11 12:50:13,634 [Test worker] INFO  l.j.t.i.r.TravelCalculatePremiumResponseLogger - RESPONSE: {"errors":[{"field":"agreementDateTo","message":"Must not be empty!"}],"personFirstName":null,"personLastName":null,"agreementDateFrom":null,"agreementDateTo":null,"agreementPrice":null}
2023-04-11 12:50:13,651 [Test worker] INFO  l.j.t.i.r.TravelCalculatePremiumRequestLogger - REQUEST: {"personFirstName":"Vasja","personLastName":"Pupkin","agreementDateFrom":"2025-05-25","agreementDateTo":"2025-05-29"}
2023-04-11 12:50:13,659 [Test worker] INFO  l.j.t.i.r.TravelCalculatePremiumResponseLogger - RESPONSE: {"errors":null,"personFirstName":"Vasja","personLastName":"Pupkin","agreementDateFrom":"2025-05-25","agreementDateTo":"2025-05-29","agreementPrice":4}
2023-04-11 12:50:13,679 [Test worker] INFO  l.j.t.i.r.TravelCalculatePremiumRequestLogger - REQUEST: {"personFirstName":null,"personLastName":"Pupkin","agreementDateFrom":"2025-05-25","agreementDateTo":"2025-05-29"}
2023-04-11 12:50:13,682 [Test worker] INFO  l.j.t.i.r.TravelCalculatePremiumResponseLogger - RESPONSE: {"errors":[{"field":"personFirstName","message":"Must not be empty!"}],"personFirstName":null,"personLastName":null,"agreementDateFrom":null,"agreementDateTo":null,"agreementPrice":null}
2023-04-11 12:50:13,711 [Test worker] INFO  l.j.t.i.r.TravelCalculatePremiumRequestLogger - REQUEST: {"personFirstName":"Vasja","personLastName":null,"agreementDateFrom":"2025-05-25","agreementDateTo":"2025-05-29"}
2023-04-11 12:50:13,714 [Test worker] INFO  l.j.t.i.r.TravelCalculatePremiumResponseLogger - RESPONSE: {"errors":[{"field":"personLastName","message":"Must not be empty!"}],"personFirstName":null,"personLastName":null,"agreementDateFrom":null,"agreementDateTo":null,"agreementPrice":null}
2023-04-11 12:50:13,726 [Test worker] INFO  l.j.t.i.r.TravelCalculatePremiumRequestLogger - REQUEST: {"personFirstName":"Vasja","personLastName":"Pupkin","agreementDateFrom":null,"agreementDateTo":"2025-05-29"}
2023-04-11 12:50:13,729 [Test worker] INFO  l.j.t.i.r.TravelCalculatePremiumResponseLogger - RESPONSE: {"errors":[{"field":"agreementDateFrom","message":"Must not be empty!"}],"personFirstName":null,"personLastName":null,"agreementDateFrom":null,"agreementDateTo":null,"agreementPrice":null}
2023-04-11 14:15:42,264 [Test worker] INFO  l.j.t.i.r.TravelCalculatePremiumRequestLogger - REQUEST: {"personFirstName":null,"personLastName":null,"agreementDateFrom":null,"agreementDateTo":null}
2023-04-11 14:15:42,298 [Test worker] INFO  l.j.t.i.r.TravelCalculatePremiumResponseLogger - RESPONSE: {"errors":[{"field":"agreementDateFrom","message":"Must not be empty!"},{"field":"agreementDateTo","message":"Must not be empty!"},{"field":"personFirstName","message":"Must not be empty!"},{"field":"personLastName","message":"Must not be empty!"}],"personFirstName":null,"personLastName":null,"agreementDateFrom":null,"agreementDateTo":null,"agreementPrice":null}
2023-04-11 14:15:42,370 [Test worker] INFO  l.j.t.i.r.TravelCalculatePremiumRequestLogger - REQUEST: {"personFirstName":"Vasja","personLastName":"Pupkin","agreementDateFrom":"2025-05-20","agreementDateTo":"2025-05-10"}
2023-04-11 14:15:42,375 [Test worker] INFO  l.j.t.i.r.TravelCalculatePremiumResponseLogger - RESPONSE: {"errors":[{"field":"agreementDateFrom","message":"Must be less then agreementDateTo!"}],"personFirstName":null,"personLastName":null,"agreementDateFrom":null,"agreementDateTo":null,"agreementPrice":null}
2023-04-11 14:15:42,390 [Test worker] INFO  l.j.t.i.r.TravelCalculatePremiumRequestLogger - REQUEST: {"personFirstName":"Vasja","personLastName":"Pupkin","agreementDateFrom":"2025-05-29","agreementDateTo":null}
2023-04-11 14:15:42,393 [Test worker] INFO  l.j.t.i.r.TravelCalculatePremiumResponseLogger - RESPONSE: {"errors":[{"field":"agreementDateTo","message":"Must not be empty!"}],"personFirstName":null,"personLastName":null,"agreementDateFrom":null,"agreementDateTo":null,"agreementPrice":null}
2023-04-11 14:15:42,406 [Test worker] INFO  l.j.t.i.r.TravelCalculatePremiumRequestLogger - REQUEST: {"personFirstName":"Vasja","personLastName":"Pupkin","agreementDateFrom":"2025-05-25","agreementDateTo":"2025-05-29"}
2023-04-11 14:15:42,417 [Test worker] INFO  l.j.t.i.r.TravelCalculatePremiumResponseLogger - RESPONSE: {"errors":null,"personFirstName":"Vasja","personLastName":"Pupkin","agreementDateFrom":"2025-05-25","agreementDateTo":"2025-05-29","agreementPrice":4}
2023-04-11 14:15:42,442 [Test worker] INFO  l.j.t.i.r.TravelCalculatePremiumRequestLogger - REQUEST: {"personFirstName":null,"personLastName":"Pupkin","agreementDateFrom":"2025-05-25","agreementDateTo":"2025-05-29"}
2023-04-11 14:15:42,445 [Test worker] INFO  l.j.t.i.r.TravelCalculatePremiumResponseLogger - RESPONSE: {"errors":[{"field":"personFirstName","message":"Must not be empty!"}],"personFirstName":null,"personLastName":null,"agreementDateFrom":null,"agreementDateTo":null,"agreementPrice":null}
2023-04-11 14:15:42,470 [Test worker] INFO  l.j.t.i.r.TravelCalculatePremiumRequestLogger - REQUEST: {"personFirstName":"Vasja","personLastName":null,"agreementDateFrom":"2025-05-25","agreementDateTo":"2025-05-29"}
2023-04-11 14:15:42,474 [Test worker] INFO  l.j.t.i.r.TravelCalculatePremiumResponseLogger - RESPONSE: {"errors":[{"field":"personLastName","message":"Must not be empty!"}],"personFirstName":null,"personLastName":null,"agreementDateFrom":null,"agreementDateTo":null,"agreementPrice":null}
2023-04-11 14:15:42,486 [Test worker] INFO  l.j.t.i.r.TravelCalculatePremiumRequestLogger - REQUEST: {"personFirstName":"Vasja","personLastName":"Pupkin","agreementDateFrom":null,"agreementDateTo":"2025-05-29"}
2023-04-11 14:15:42,489 [Test worker] INFO  l.j.t.i.r.TravelCalculatePremiumResponseLogger - RESPONSE: {"errors":[{"field":"agreementDateFrom","message":"Must not be empty!"}],"personFirstName":null,"personLastName":null,"agreementDateFrom":null,"agreementDateTo":null,"agreementPrice":null}
2023-04-11 14:59:52,191 [Test worker] INFO  l.j.t.i.r.TravelCalculatePremiumRequestLogger - REQUEST: {"personFirstName":null,"personLastName":null,"agreementDateFrom":null,"agreementDateTo":null}
2023-04-11 14:59:52,206 [Test worker] INFO  l.j.t.i.r.TravelCalculatePremiumResponseLogger - RESPONSE: {"errors":[{"field":"agreementDateFrom","message":"Must not be empty!"},{"field":"agreementDateTo","message":"Must not be empty!"},{"field":"personFirstName","message":"Must not be empty!"},{"field":"personLastName","message":"Must not be empty!"}],"personFirstName":null,"personLastName":null,"agreementDateFrom":null,"agreementDateTo":null,"agreementPrice":null}
2023-04-11 14:59:52,282 [Test worker] INFO  l.j.t.i.r.TravelCalculatePremiumRequestLogger - REQUEST: {"personFirstName":"Vasja","personLastName":"Pupkin","agreementDateFrom":"2025-05-20","agreementDateTo":"2025-05-10"}
2023-04-11 14:59:52,285 [Test worker] INFO  l.j.t.i.r.TravelCalculatePremiumResponseLogger - RESPONSE: {"errors":[{"field":"agreementDateFrom","message":"Must be less then agreementDateTo!"}],"personFirstName":null,"personLastName":null,"agreementDateFrom":null,"agreementDateTo":null,"agreementPrice":null}
2023-04-11 14:59:52,302 [Test worker] INFO  l.j.t.i.r.TravelCalculatePremiumRequestLogger - REQUEST: {"personFirstName":"Vasja","personLastName":"Pupkin","agreementDateFrom":"2025-05-29","agreementDateTo":null}
2023-04-11 14:59:52,306 [Test worker] INFO  l.j.t.i.r.TravelCalculatePremiumResponseLogger - RESPONSE: {"errors":[{"field":"agreementDateTo","message":"Must not be empty!"}],"personFirstName":null,"personLastName":null,"agreementDateFrom":null,"agreementDateTo":null,"agreementPrice":null}
2023-04-11 14:59:52,318 [Test worker] INFO  l.j.t.i.r.TravelCalculatePremiumRequestLogger - REQUEST: {"personFirstName":"Vasja","personLastName":"Pupkin","agreementDateFrom":"2025-05-25","agreementDateTo":"2025-05-29"}
2023-04-11 14:59:52,342 [Test worker] INFO  l.j.t.i.r.TravelCalculatePremiumResponseLogger - RESPONSE: {"errors":null,"personFirstName":"Vasja","personLastName":"Pupkin","agreementDateFrom":"2025-05-25","agreementDateTo":"2025-05-29","agreementPrice":4}
2023-04-11 14:59:52,376 [Test worker] INFO  l.j.t.i.r.TravelCalculatePremiumRequestLogger - REQUEST: {"personFirstName":null,"personLastName":"Pupkin","agreementDateFrom":"2025-05-25","agreementDateTo":"2025-05-29"}
2023-04-11 14:59:52,379 [Test worker] INFO  l.j.t.i.r.TravelCalculatePremiumResponseLogger - RESPONSE: {"errors":[{"field":"personFirstName","message":"Must not be empty!"}],"personFirstName":null,"personLastName":null,"agreementDateFrom":null,"agreementDateTo":null,"agreementPrice":null}
2023-04-11 14:59:52,390 [Test worker] INFO  l.j.t.i.r.TravelCalculatePremiumRequestLogger - REQUEST: {"personFirstName":"Vasja","personLastName":null,"agreementDateFrom":"2025-05-25","agreementDateTo":"2025-05-29"}
2023-04-11 14:59:52,394 [Test worker] INFO  l.j.t.i.r.TravelCalculatePremiumResponseLogger - RESPONSE: {"errors":[{"field":"personLastName","message":"Must not be empty!"}],"personFirstName":null,"personLastName":null,"agreementDateFrom":null,"agreementDateTo":null,"agreementPrice":null}
2023-04-11 14:59:52,405 [Test worker] INFO  l.j.t.i.r.TravelCalculatePremiumRequestLogger - REQUEST: {"personFirstName":"Vasja","personLastName":"Pupkin","agreementDateFrom":null,"agreementDateTo":"2025-05-29"}
2023-04-11 14:59:52,408 [Test worker] INFO  l.j.t.i.r.TravelCalculatePremiumResponseLogger - RESPONSE: {"errors":[{"field":"agreementDateFrom","message":"Must not be empty!"}],"personFirstName":null,"personLastName":null,"agreementDateFrom":null,"agreementDateTo":null,"agreementPrice":null}
2023-04-11 17:22:10,295 [Test worker] INFO  l.j.t.i.r.TravelCalculatePremiumRequestLogger - REQUEST: {"personFirstName":null,"personLastName":null,"agreementDateFrom":null,"agreementDateTo":null}
2023-04-11 17:22:10,313 [Test worker] INFO  l.j.t.i.r.TravelCalculatePremiumResponseLogger - RESPONSE: {"errors":[{"field":"agreementDateFrom","message":"Must not be empty!"},{"field":"agreementDateTo","message":"Must not be empty!"},{"field":"personFirstName","message":"Must not be empty!"},{"field":"personLastName","message":"Must not be empty!"}],"personFirstName":null,"personLastName":null,"agreementDateFrom":null,"agreementDateTo":null,"agreementPrice":null}
2023-04-11 17:22:10,407 [Test worker] INFO  l.j.t.i.r.TravelCalculatePremiumRequestLogger - REQUEST: {"personFirstName":"Vasja","personLastName":"Pupkin","agreementDateFrom":"2025-05-20","agreementDateTo":"2025-05-10"}
2023-04-11 17:22:10,411 [Test worker] INFO  l.j.t.i.r.TravelCalculatePremiumResponseLogger - RESPONSE: {"errors":[{"field":"agreementDateFrom","message":"Must be less then agreementDateTo!"}],"personFirstName":null,"personLastName":null,"agreementDateFrom":null,"agreementDateTo":null,"agreementPrice":null}
2023-04-11 17:22:10,432 [Test worker] INFO  l.j.t.i.r.TravelCalculatePremiumRequestLogger - REQUEST: {"personFirstName":"Vasja","personLastName":"Pupkin","agreementDateFrom":"2025-05-29","agreementDateTo":null}
2023-04-11 17:22:10,435 [Test worker] INFO  l.j.t.i.r.TravelCalculatePremiumResponseLogger - RESPONSE: {"errors":[{"field":"agreementDateTo","message":"Must not be empty!"}],"personFirstName":null,"personLastName":null,"agreementDateFrom":null,"agreementDateTo":null,"agreementPrice":null}
2023-04-11 17:22:10,465 [Test worker] INFO  l.j.t.i.r.TravelCalculatePremiumRequestLogger - REQUEST: {"personFirstName":"Vasja","personLastName":"Pupkin","agreementDateFrom":"2025-05-25","agreementDateTo":"2025-05-29"}
2023-04-11 17:22:10,477 [Test worker] INFO  l.j.t.i.r.TravelCalculatePremiumResponseLogger - RESPONSE: {"errors":null,"personFirstName":"Vasja","personLastName":"Pupkin","agreementDateFrom":"2025-05-25","agreementDateTo":"2025-05-29","agreementPrice":4}
2023-04-11 17:22:10,503 [Test worker] INFO  l.j.t.i.r.TravelCalculatePremiumRequestLogger - REQUEST: {"personFirstName":null,"personLastName":"Pupkin","agreementDateFrom":"2025-05-25","agreementDateTo":"2025-05-29"}
2023-04-11 17:22:10,507 [Test worker] INFO  l.j.t.i.r.TravelCalculatePremiumResponseLogger - RESPONSE: {"errors":[{"field":"personFirstName","message":"Must not be empty!"}],"personFirstName":null,"personLastName":null,"agreementDateFrom":null,"agreementDateTo":null,"agreementPrice":null}
2023-04-11 17:22:10,523 [Test worker] INFO  l.j.t.i.r.TravelCalculatePremiumRequestLogger - REQUEST: {"personFirstName":"Vasja","personLastName":null,"agreementDateFrom":"2025-05-25","agreementDateTo":"2025-05-29"}
2023-04-11 17:22:10,527 [Test worker] INFO  l.j.t.i.r.TravelCalculatePremiumResponseLogger - RESPONSE: {"errors":[{"field":"personLastName","message":"Must not be empty!"}],"personFirstName":null,"personLastName":null,"agreementDateFrom":null,"agreementDateTo":null,"agreementPrice":null}
2023-04-11 17:22:10,540 [Test worker] INFO  l.j.t.i.r.TravelCalculatePremiumRequestLogger - REQUEST: {"personFirstName":"Vasja","personLastName":"Pupkin","agreementDateFrom":null,"agreementDateTo":"2025-05-29"}
2023-04-11 17:22:10,544 [Test worker] INFO  l.j.t.i.r.TravelCalculatePremiumResponseLogger - RESPONSE: {"errors":[{"field":"agreementDateFrom","message":"Must not be empty!"}],"personFirstName":null,"personLastName":null,"agreementDateFrom":null,"agreementDateTo":null,"agreementPrice":null}
