2023-04-04 09:54:58,716 [Test worker] INFO  l.j.t.i.r.TravelCalculatePremiumRequestLogger - REQUEST: {"personFirstName":null,"personLastName":null,"agreementDateFrom":null,"agreementDateTo":null}
2023-04-04 09:54:58,744 [Test worker] INFO  l.j.t.i.r.TravelCalculatePremiumResponseLogger - RESPONSE: {"errors":[{"field":"agreementDateFrom","message":"Must not be empty!"},{"field":"agreementDateTo","message":"Must not be empty!"},{"field":"personFirstName","message":"Must not be empty!"},{"field":"personLastName","message":"Must not be empty!"}],"personFirstName":null,"personLastName":null,"agreementDateFrom":null,"agreementDateTo":null,"agreementPrice":null}
2023-04-04 09:54:58,851 [Test worker] INFO  l.j.t.i.r.TravelCalculatePremiumRequestLogger - REQUEST: {"personFirstName":"Vasja","personLastName":"Pupkin","agreementDateFrom":"2025-05-20","agreementDateTo":"2025-05-10"}
2023-04-04 09:54:58,858 [Test worker] INFO  l.j.t.i.r.TravelCalculatePremiumResponseLogger - RESPONSE: {"errors":[{"field":"agreementDateFrom","message":"Must be less then agreementDateTo!"}],"personFirstName":null,"personLastName":null,"agreementDateFrom":null,"agreementDateTo":null,"agreementPrice":null}
2023-04-04 09:54:58,873 [Test worker] INFO  l.j.t.i.r.TravelCalculatePremiumRequestLogger - REQUEST: {"personFirstName":"Vasja","personLastName":"Pupkin","agreementDateFrom":"2025-05-29","agreementDateTo":null}
2023-04-04 09:54:58,878 [Test worker] INFO  l.j.t.i.r.TravelCalculatePremiumResponseLogger - RESPONSE: {"errors":[{"field":"agreementDateTo","message":"Must not be empty!"}],"personFirstName":null,"personLastName":null,"agreementDateFrom":null,"agreementDateTo":null,"agreementPrice":null}
2023-04-04 09:54:58,929 [Test worker] INFO  l.j.t.i.r.TravelCalculatePremiumRequestLogger - REQUEST: {"personFirstName":"Vasja","personLastName":"Pupkin","agreementDateFrom":"2025-05-25","agreementDateTo":"2025-05-29"}
2023-04-04 09:54:58,974 [Test worker] INFO  l.j.t.i.r.TravelCalculatePremiumResponseLogger - RESPONSE: {"errors":null,"personFirstName":"Vasja","personLastName":"Pupkin","agreementDateFrom":"2025-05-25","agreementDateTo":"2025-05-29","agreementPrice":4}
2023-04-04 09:54:59,102 [Test worker] INFO  l.j.t.i.r.TravelCalculatePremiumRequestLogger - REQUEST: {"personFirstName":null,"personLastName":"Pupkin","agreementDateFrom":"2025-05-25","agreementDateTo":"2025-05-29"}
2023-04-04 09:54:59,107 [Test worker] INFO  l.j.t.i.r.TravelCalculatePremiumResponseLogger - RESPONSE: {"errors":[{"field":"personFirstName","message":"Must not be empty!"}],"personFirstName":null,"personLastName":null,"agreementDateFrom":null,"agreementDateTo":null,"agreementPrice":null}
2023-04-04 09:54:59,120 [Test worker] INFO  l.j.t.i.r.TravelCalculatePremiumRequestLogger - REQUEST: {"personFirstName":"Vasja","personLastName":null,"agreementDateFrom":"2025-05-25","agreementDateTo":"2025-05-29"}
2023-04-04 09:54:59,122 [Test worker] INFO  l.j.t.i.r.TravelCalculatePremiumResponseLogger - RESPONSE: {"errors":[{"field":"personLastName","message":"Must not be empty!"}],"personFirstName":null,"personLastName":null,"agreementDateFrom":null,"agreementDateTo":null,"agreementPrice":null}
2023-04-04 09:54:59,201 [Test worker] INFO  l.j.t.i.r.TravelCalculatePremiumRequestLogger - REQUEST: {"personFirstName":"Vasja","personLastName":"Pupkin","agreementDateFrom":null,"agreementDateTo":"2025-05-29"}
2023-04-04 09:54:59,204 [Test worker] INFO  l.j.t.i.r.TravelCalculatePremiumResponseLogger - RESPONSE: {"errors":[{"field":"agreementDateFrom","message":"Must not be empty!"}],"personFirstName":null,"personLastName":null,"agreementDateFrom":null,"agreementDateTo":null,"agreementPrice":null}
2023-04-04 13:13:31,301 [Test worker] INFO  l.j.t.i.r.TravelCalculatePremiumRequestLogger - REQUEST: {"personFirstName":null,"personLastName":null,"agreementDateFrom":null,"agreementDateTo":null}
2023-04-04 13:13:31,312 [Test worker] INFO  l.j.t.i.r.TravelCalculatePremiumResponseLogger - RESPONSE: {"errors":[{"field":"agreementDateFrom","message":"Must not be empty!"},{"field":"agreementDateTo","message":"Must not be empty!"},{"field":"personFirstName","message":"Must not be empty!"},{"field":"personLastName","message":"Must not be empty!"}],"personFirstName":null,"personLastName":null,"agreementDateFrom":null,"agreementDateTo":null,"agreementPrice":null}
2023-04-04 13:13:31,377 [Test worker] INFO  l.j.t.i.r.TravelCalculatePremiumRequestLogger - REQUEST: {"personFirstName":"Vasja","personLastName":"Pupkin","agreementDateFrom":"2025-05-20","agreementDateTo":"2025-05-10"}
2023-04-04 13:13:31,380 [Test worker] INFO  l.j.t.i.r.TravelCalculatePremiumResponseLogger - RESPONSE: {"errors":[{"field":"agreementDateFrom","message":"Must be less then agreementDateTo!"}],"personFirstName":null,"personLastName":null,"agreementDateFrom":null,"agreementDateTo":null,"agreementPrice":null}
2023-04-04 13:13:31,400 [Test worker] INFO  l.j.t.i.r.TravelCalculatePremiumRequestLogger - REQUEST: {"personFirstName":"Vasja","personLastName":"Pupkin","agreementDateFrom":"2025-05-29","agreementDateTo":null}
2023-04-04 13:13:31,403 [Test worker] INFO  l.j.t.i.r.TravelCalculatePremiumResponseLogger - RESPONSE: {"errors":[{"field":"agreementDateTo","message":"Must not be empty!"}],"personFirstName":null,"personLastName":null,"agreementDateFrom":null,"agreementDateTo":null,"agreementPrice":null}
2023-04-04 13:13:31,424 [Test worker] INFO  l.j.t.i.r.TravelCalculatePremiumRequestLogger - REQUEST: {"personFirstName":"Vasja","personLastName":"Pupkin","agreementDateFrom":"2025-05-25","agreementDateTo":"2025-05-29"}
2023-04-04 13:13:31,435 [Test worker] INFO  l.j.t.i.r.TravelCalculatePremiumResponseLogger - RESPONSE: {"errors":null,"personFirstName":"Vasja","personLastName":"Pupkin","agreementDateFrom":"2025-05-25","agreementDateTo":"2025-05-29","agreementPrice":4}
2023-04-04 13:13:31,465 [Test worker] INFO  l.j.t.i.r.TravelCalculatePremiumRequestLogger - REQUEST: {"personFirstName":null,"personLastName":"Pupkin","agreementDateFrom":"2025-05-25","agreementDateTo":"2025-05-29"}
2023-04-04 13:13:31,468 [Test worker] INFO  l.j.t.i.r.TravelCalculatePremiumResponseLogger - RESPONSE: {"errors":[{"field":"personFirstName","message":"Must not be empty!"}],"personFirstName":null,"personLastName":null,"agreementDateFrom":null,"agreementDateTo":null,"agreementPrice":null}
2023-04-04 13:13:31,487 [Test worker] INFO  l.j.t.i.r.TravelCalculatePremiumRequestLogger - REQUEST: {"personFirstName":"Vasja","personLastName":null,"agreementDateFrom":"2025-05-25","agreementDateTo":"2025-05-29"}
2023-04-04 13:13:31,490 [Test worker] INFO  l.j.t.i.r.TravelCalculatePremiumResponseLogger - RESPONSE: {"errors":[{"field":"personLastName","message":"Must not be empty!"}],"personFirstName":null,"personLastName":null,"agreementDateFrom":null,"agreementDateTo":null,"agreementPrice":null}
2023-04-04 13:13:31,503 [Test worker] INFO  l.j.t.i.r.TravelCalculatePremiumRequestLogger - REQUEST: {"personFirstName":"Vasja","personLastName":"Pupkin","agreementDateFrom":null,"agreementDateTo":"2025-05-29"}
2023-04-04 13:13:31,506 [Test worker] INFO  l.j.t.i.r.TravelCalculatePremiumResponseLogger - RESPONSE: {"errors":[{"field":"agreementDateFrom","message":"Must not be empty!"}],"personFirstName":null,"personLastName":null,"agreementDateFrom":null,"agreementDateTo":null,"agreementPrice":null}
2023-04-04 17:00:18,477 [Test worker] INFO  l.j.t.i.r.TravelCalculatePremiumRequestLogger - REQUEST: {"personFirstName":null,"personLastName":null,"agreementDateFrom":null,"agreementDateTo":null}
2023-04-04 17:00:18,507 [Test worker] INFO  l.j.t.i.r.TravelCalculatePremiumResponseLogger - RESPONSE: {"errors":[{"field":"agreementDateFrom","message":"Must not be empty!"},{"field":"agreementDateTo","message":"Must not be empty!"},{"field":"personFirstName","message":"Must not be empty!"},{"field":"personLastName","message":"Must not be empty!"}],"personFirstName":null,"personLastName":null,"agreementDateFrom":null,"agreementDateTo":null,"agreementPrice":null}
2023-04-04 17:00:18,901 [Test worker] INFO  l.j.t.i.r.TravelCalculatePremiumRequestLogger - REQUEST: {"personFirstName":"Vasja","personLastName":"Pupkin","agreementDateFrom":"2025-05-20","agreementDateTo":"2025-05-10"}
2023-04-04 17:00:18,904 [Test worker] INFO  l.j.t.i.r.TravelCalculatePremiumResponseLogger - RESPONSE: {"errors":[{"field":"agreementDateFrom","message":"Must be less then agreementDateTo!"}],"personFirstName":null,"personLastName":null,"agreementDateFrom":null,"agreementDateTo":null,"agreementPrice":null}
2023-04-04 17:00:18,928 [Test worker] INFO  l.j.t.i.r.TravelCalculatePremiumRequestLogger - REQUEST: {"personFirstName":"Vasja","personLastName":"Pupkin","agreementDateFrom":"2025-05-29","agreementDateTo":null}
2023-04-04 17:00:18,931 [Test worker] INFO  l.j.t.i.r.TravelCalculatePremiumResponseLogger - RESPONSE: {"errors":[{"field":"agreementDateTo","message":"Must not be empty!"}],"personFirstName":null,"personLastName":null,"agreementDateFrom":null,"agreementDateTo":null,"agreementPrice":null}
2023-04-04 17:00:18,959 [Test worker] INFO  l.j.t.i.r.TravelCalculatePremiumRequestLogger - REQUEST: {"personFirstName":"Vasja","personLastName":"Pupkin","agreementDateFrom":"2025-05-25","agreementDateTo":"2025-05-29"}
2023-04-04 17:00:18,967 [Test worker] INFO  l.j.t.i.r.TravelCalculatePremiumResponseLogger - RESPONSE: {"errors":null,"personFirstName":"Vasja","personLastName":"Pupkin","agreementDateFrom":"2025-05-25","agreementDateTo":"2025-05-29","agreementPrice":4}
2023-04-04 17:00:19,021 [Test worker] INFO  l.j.t.i.r.TravelCalculatePremiumRequestLogger - REQUEST: {"personFirstName":null,"personLastName":"Pupkin","agreementDateFrom":"2025-05-25","agreementDateTo":"2025-05-29"}
2023-04-04 17:00:19,027 [Test worker] INFO  l.j.t.i.r.TravelCalculatePremiumResponseLogger - RESPONSE: {"errors":[{"field":"personFirstName","message":"Must not be empty!"}],"personFirstName":null,"personLastName":null,"agreementDateFrom":null,"agreementDateTo":null,"agreementPrice":null}
2023-04-04 17:00:19,039 [Test worker] INFO  l.j.t.i.r.TravelCalculatePremiumRequestLogger - REQUEST: {"personFirstName":"Vasja","personLastName":null,"agreementDateFrom":"2025-05-25","agreementDateTo":"2025-05-29"}
2023-04-04 17:00:19,042 [Test worker] INFO  l.j.t.i.r.TravelCalculatePremiumResponseLogger - RESPONSE: {"errors":[{"field":"personLastName","message":"Must not be empty!"}],"personFirstName":null,"personLastName":null,"agreementDateFrom":null,"agreementDateTo":null,"agreementPrice":null}
2023-04-04 17:00:19,065 [Test worker] INFO  l.j.t.i.r.TravelCalculatePremiumRequestLogger - REQUEST: {"personFirstName":"Vasja","personLastName":"Pupkin","agreementDateFrom":null,"agreementDateTo":"2025-05-29"}
2023-04-04 17:00:19,067 [Test worker] INFO  l.j.t.i.r.TravelCalculatePremiumResponseLogger - RESPONSE: {"errors":[{"field":"agreementDateFrom","message":"Must not be empty!"}],"personFirstName":null,"personLastName":null,"agreementDateFrom":null,"agreementDateTo":null,"agreementPrice":null}
2023-04-04 17:06:10,914 [Test worker] INFO  l.j.t.i.r.TravelCalculatePremiumRequestLogger - REQUEST: {"personFirstName":null,"personLastName":null,"agreementDateFrom":null,"agreementDateTo":null}
2023-04-04 17:06:10,929 [Test worker] INFO  l.j.t.i.r.TravelCalculatePremiumResponseLogger - RESPONSE: {"errors":[{"field":"agreementDateFrom","message":"Must not be empty!"},{"field":"agreementDateTo","message":"Must not be empty!"},{"field":"personFirstName","message":"Must not be empty!"},{"field":"personLastName","message":"Must not be empty!"}],"personFirstName":null,"personLastName":null,"agreementDateFrom":null,"agreementDateTo":null,"agreementPrice":null}
2023-04-04 17:06:11,027 [Test worker] INFO  l.j.t.i.r.TravelCalculatePremiumRequestLogger - REQUEST: {"personFirstName":"Vasja","personLastName":"Pupkin","agreementDateFrom":"2025-05-20","agreementDateTo":"2025-05-10"}
2023-04-04 17:06:11,057 [Test worker] INFO  l.j.t.i.r.TravelCalculatePremiumResponseLogger - RESPONSE: {"errors":[{"field":"agreementDateFrom","message":"Must be less then agreementDateTo!"}],"personFirstName":null,"personLastName":null,"agreementDateFrom":null,"agreementDateTo":null,"agreementPrice":null}
2023-04-04 17:06:11,084 [Test worker] INFO  l.j.t.i.r.TravelCalculatePremiumRequestLogger - REQUEST: {"personFirstName":"Vasja","personLastName":"Pupkin","agreementDateFrom":"2025-05-29","agreementDateTo":null}
2023-04-04 17:06:11,087 [Test worker] INFO  l.j.t.i.r.TravelCalculatePremiumResponseLogger - RESPONSE: {"errors":[{"field":"agreementDateTo","message":"Must not be empty!"}],"personFirstName":null,"personLastName":null,"agreementDateFrom":null,"agreementDateTo":null,"agreementPrice":null}
2023-04-04 17:06:11,099 [Test worker] INFO  l.j.t.i.r.TravelCalculatePremiumRequestLogger - REQUEST: {"personFirstName":"Vasja","personLastName":"Pupkin","agreementDateFrom":"2025-05-25","agreementDateTo":"2025-05-29"}
2023-04-04 17:06:11,108 [Test worker] INFO  l.j.t.i.r.TravelCalculatePremiumResponseLogger - RESPONSE: {"errors":null,"personFirstName":"Vasja","personLastName":"Pupkin","agreementDateFrom":"2025-05-25","agreementDateTo":"2025-05-29","agreementPrice":4}
2023-04-04 17:06:11,128 [Test worker] INFO  l.j.t.i.r.TravelCalculatePremiumRequestLogger - REQUEST: {"personFirstName":null,"personLastName":"Pupkin","agreementDateFrom":"2025-05-25","agreementDateTo":"2025-05-29"}
2023-04-04 17:06:11,131 [Test worker] INFO  l.j.t.i.r.TravelCalculatePremiumResponseLogger - RESPONSE: {"errors":[{"field":"personFirstName","message":"Must not be empty!"}],"personFirstName":null,"personLastName":null,"agreementDateFrom":null,"agreementDateTo":null,"agreementPrice":null}
2023-04-04 17:06:11,145 [Test worker] INFO  l.j.t.i.r.TravelCalculatePremiumRequestLogger - REQUEST: {"personFirstName":"Vasja","personLastName":null,"agreementDateFrom":"2025-05-25","agreementDateTo":"2025-05-29"}
2023-04-04 17:06:11,149 [Test worker] INFO  l.j.t.i.r.TravelCalculatePremiumResponseLogger - RESPONSE: {"errors":[{"field":"personLastName","message":"Must not be empty!"}],"personFirstName":null,"personLastName":null,"agreementDateFrom":null,"agreementDateTo":null,"agreementPrice":null}
2023-04-04 17:06:11,166 [Test worker] INFO  l.j.t.i.r.TravelCalculatePremiumRequestLogger - REQUEST: {"personFirstName":"Vasja","personLastName":"Pupkin","agreementDateFrom":null,"agreementDateTo":"2025-05-29"}
2023-04-04 17:06:11,173 [Test worker] INFO  l.j.t.i.r.TravelCalculatePremiumResponseLogger - RESPONSE: {"errors":[{"field":"agreementDateFrom","message":"Must not be empty!"}],"personFirstName":null,"personLastName":null,"agreementDateFrom":null,"agreementDateTo":null,"agreementPrice":null}
2023-04-04 17:13:20,815 [Test worker] INFO  l.j.t.i.r.TravelCalculatePremiumRequestLogger - REQUEST: {"personFirstName":null,"personLastName":null,"agreementDateFrom":null,"agreementDateTo":null}
2023-04-04 17:13:20,828 [Test worker] INFO  l.j.t.i.r.TravelCalculatePremiumResponseLogger - RESPONSE: {"errors":[{"field":"agreementDateFrom","message":"Must not be empty!"},{"field":"agreementDateTo","message":"Must not be empty!"},{"field":"personFirstName","message":"Must not be empty!"},{"field":"personLastName","message":"Must not be empty!"}],"personFirstName":null,"personLastName":null,"agreementDateFrom":null,"agreementDateTo":null,"agreementPrice":null}
2023-04-04 17:13:20,904 [Test worker] INFO  l.j.t.i.r.TravelCalculatePremiumRequestLogger - REQUEST: {"personFirstName":"Vasja","personLastName":"Pupkin","agreementDateFrom":"2025-05-20","agreementDateTo":"2025-05-10"}
2023-04-04 17:13:20,907 [Test worker] INFO  l.j.t.i.r.TravelCalculatePremiumResponseLogger - RESPONSE: {"errors":[{"field":"agreementDateFrom","message":"Must be less then agreementDateTo!"}],"personFirstName":null,"personLastName":null,"agreementDateFrom":null,"agreementDateTo":null,"agreementPrice":null}
2023-04-04 17:13:20,921 [Test worker] INFO  l.j.t.i.r.TravelCalculatePremiumRequestLogger - REQUEST: {"personFirstName":"Vasja","personLastName":"Pupkin","agreementDateFrom":"2025-05-29","agreementDateTo":null}
2023-04-04 17:13:20,924 [Test worker] INFO  l.j.t.i.r.TravelCalculatePremiumResponseLogger - RESPONSE: {"errors":[{"field":"agreementDateTo","message":"Must not be empty!"}],"personFirstName":null,"personLastName":null,"agreementDateFrom":null,"agreementDateTo":null,"agreementPrice":null}
2023-04-04 17:13:20,942 [Test worker] INFO  l.j.t.i.r.TravelCalculatePremiumRequestLogger - REQUEST: {"personFirstName":"Vasja","personLastName":"Pupkin","agreementDateFrom":"2025-05-25","agreementDateTo":"2025-05-29"}
2023-04-04 17:13:20,952 [Test worker] INFO  l.j.t.i.r.TravelCalculatePremiumResponseLogger - RESPONSE: {"errors":null,"personFirstName":"Vasja","personLastName":"Pupkin","agreementDateFrom":"2025-05-25","agreementDateTo":"2025-05-29","agreementPrice":4}
2023-04-04 17:13:20,976 [Test worker] INFO  l.j.t.i.r.TravelCalculatePremiumRequestLogger - REQUEST: {"personFirstName":null,"personLastName":"Pupkin","agreementDateFrom":"2025-05-25","agreementDateTo":"2025-05-29"}
2023-04-04 17:13:20,979 [Test worker] INFO  l.j.t.i.r.TravelCalculatePremiumResponseLogger - RESPONSE: {"errors":[{"field":"personFirstName","message":"Must not be empty!"}],"personFirstName":null,"personLastName":null,"agreementDateFrom":null,"agreementDateTo":null,"agreementPrice":null}
2023-04-04 17:13:20,991 [Test worker] INFO  l.j.t.i.r.TravelCalculatePremiumRequestLogger - REQUEST: {"personFirstName":"Vasja","personLastName":null,"agreementDateFrom":"2025-05-25","agreementDateTo":"2025-05-29"}
2023-04-04 17:13:20,994 [Test worker] INFO  l.j.t.i.r.TravelCalculatePremiumResponseLogger - RESPONSE: {"errors":[{"field":"personLastName","message":"Must not be empty!"}],"personFirstName":null,"personLastName":null,"agreementDateFrom":null,"agreementDateTo":null,"agreementPrice":null}
2023-04-04 17:13:21,006 [Test worker] INFO  l.j.t.i.r.TravelCalculatePremiumRequestLogger - REQUEST: {"personFirstName":"Vasja","personLastName":"Pupkin","agreementDateFrom":null,"agreementDateTo":"2025-05-29"}
2023-04-04 17:13:21,008 [Test worker] INFO  l.j.t.i.r.TravelCalculatePremiumResponseLogger - RESPONSE: {"errors":[{"field":"agreementDateFrom","message":"Must not be empty!"}],"personFirstName":null,"personLastName":null,"agreementDateFrom":null,"agreementDateTo":null,"agreementPrice":null}
2023-04-04 17:19:40,292 [Test worker] INFO  l.j.t.i.r.TravelCalculatePremiumRequestLogger - REQUEST: {"personFirstName":null,"personLastName":null,"agreementDateFrom":null,"agreementDateTo":null}
2023-04-04 17:19:40,304 [Test worker] INFO  l.j.t.i.r.TravelCalculatePremiumResponseLogger - RESPONSE: {"errors":[{"field":"agreementDateFrom","message":"Must not be empty!"},{"field":"agreementDateTo","message":"Must not be empty!"},{"field":"personFirstName","message":"Must not be empty!"},{"field":"personLastName","message":"Must not be empty!"}],"personFirstName":null,"personLastName":null,"agreementDateFrom":null,"agreementDateTo":null,"agreementPrice":null}
2023-04-04 17:19:40,424 [Test worker] INFO  l.j.t.i.r.TravelCalculatePremiumRequestLogger - REQUEST: {"personFirstName":"Vasja","personLastName":"Pupkin","agreementDateFrom":"2025-05-20","agreementDateTo":"2025-05-10"}
2023-04-04 17:19:40,428 [Test worker] INFO  l.j.t.i.r.TravelCalculatePremiumResponseLogger - RESPONSE: {"errors":[{"field":"agreementDateFrom","message":"Must be less then agreementDateTo!"}],"personFirstName":null,"personLastName":null,"agreementDateFrom":null,"agreementDateTo":null,"agreementPrice":null}
2023-04-04 17:19:40,452 [Test worker] INFO  l.j.t.i.r.TravelCalculatePremiumRequestLogger - REQUEST: {"personFirstName":"Vasja","personLastName":"Pupkin","agreementDateFrom":"2025-05-29","agreementDateTo":null}
2023-04-04 17:19:40,457 [Test worker] INFO  l.j.t.i.r.TravelCalculatePremiumResponseLogger - RESPONSE: {"errors":[{"field":"agreementDateTo","message":"Must not be empty!"}],"personFirstName":null,"personLastName":null,"agreementDateFrom":null,"agreementDateTo":null,"agreementPrice":null}
2023-04-04 17:19:40,471 [Test worker] INFO  l.j.t.i.r.TravelCalculatePremiumRequestLogger - REQUEST: {"personFirstName":"Vasja","personLastName":"Pupkin","agreementDateFrom":"2025-05-25","agreementDateTo":"2025-05-29"}
2023-04-04 17:19:40,488 [Test worker] INFO  l.j.t.i.r.TravelCalculatePremiumResponseLogger - RESPONSE: {"errors":null,"personFirstName":"Vasja","personLastName":"Pupkin","agreementDateFrom":"2025-05-25","agreementDateTo":"2025-05-29","agreementPrice":4}
2023-04-04 17:19:40,516 [Test worker] INFO  l.j.t.i.r.TravelCalculatePremiumRequestLogger - REQUEST: {"personFirstName":null,"personLastName":"Pupkin","agreementDateFrom":"2025-05-25","agreementDateTo":"2025-05-29"}
2023-04-04 17:19:40,519 [Test worker] INFO  l.j.t.i.r.TravelCalculatePremiumResponseLogger - RESPONSE: {"errors":[{"field":"personFirstName","message":"Must not be empty!"}],"personFirstName":null,"personLastName":null,"agreementDateFrom":null,"agreementDateTo":null,"agreementPrice":null}
2023-04-04 17:19:40,531 [Test worker] INFO  l.j.t.i.r.TravelCalculatePremiumRequestLogger - REQUEST: {"personFirstName":"Vasja","personLastName":null,"agreementDateFrom":"2025-05-25","agreementDateTo":"2025-05-29"}
2023-04-04 17:19:40,535 [Test worker] INFO  l.j.t.i.r.TravelCalculatePremiumResponseLogger - RESPONSE: {"errors":[{"field":"personLastName","message":"Must not be empty!"}],"personFirstName":null,"personLastName":null,"agreementDateFrom":null,"agreementDateTo":null,"agreementPrice":null}
2023-04-04 17:19:40,553 [Test worker] INFO  l.j.t.i.r.TravelCalculatePremiumRequestLogger - REQUEST: {"personFirstName":"Vasja","personLastName":"Pupkin","agreementDateFrom":null,"agreementDateTo":"2025-05-29"}
2023-04-04 17:19:40,556 [Test worker] INFO  l.j.t.i.r.TravelCalculatePremiumResponseLogger - RESPONSE: {"errors":[{"field":"agreementDateFrom","message":"Must not be empty!"}],"personFirstName":null,"personLastName":null,"agreementDateFrom":null,"agreementDateTo":null,"agreementPrice":null}
